\BOOKMARK [1][-]{section.1}{\376\377\0001\000\040\133\236\145\160}{}% 1
\BOOKMARK [2][-]{subsection.1.1}{\376\377\0001\000.\0001\000\040\226\306\124\010\213\272\167\345\213\306\210\145\121\105}{section.1}% 2
\BOOKMARK [3][-]{subsubsection.1.1.1}{\376\377\0001\000.\0001\000.\0001\000\040\226\306\124\010\166\204\210\150\171\072\145\271\154\325}{subsection.1.1}% 3
\BOOKMARK [2][-]{subsection.1.2}{\376\377\0001\000.\0002\000\040\145\160\133\146\122\006\147\220\166\204\170\024\172\166\133\371\214\141\000:\121\375\145\160\123\312\121\166\140\047\215\050\377\010\122\006\147\220\140\047\215\050\377\011}{section.1}% 4
\BOOKMARK [3][-]{subsubsection.1.2.1}{\376\377\0001\000.\0002\000.\0001\000\040\121\375\145\160\166\204\210\150\171\072\145\271\154\325}{subsection.1.2}% 5
\BOOKMARK [3][-]{subsubsection.1.2.2}{\376\377\0001\000.\0002\000.\0002\000\040\170\156\165\114\123\237\164\006}{subsection.1.2}% 6
\BOOKMARK [2][-]{subsection.1.3}{\376\377\0001\000.\0003\000\040\123\357\145\160\226\306\124\214\116\015\123\357\145\160\226\306}{section.1}% 7
\BOOKMARK [1][-]{section.2}{\376\377\0002\000\040\147\201\226\120}{}% 8
\BOOKMARK [2][-]{subsection.2.1}{\376\377\0002\000.\0001\000\040\147\011\165\114\136\217\122\027\116\016\145\340\172\167\134\017\136\217\122\027}{section.2}% 9
\BOOKMARK [3][-]{subsubsection.2.1.1}{\376\377\0002\000.\0001\000.\0001\000\040\147\011\165\114\136\217\122\027}{subsection.2.1}% 10
\BOOKMARK [3][-]{subsubsection.2.1.2}{\376\377\0002\000.\0001\000.\0002\000\040\145\340\172\167\134\017\136\217\122\027}{subsection.2.1}% 11
\BOOKMARK [3][-]{subsubsection.2.1.3}{\376\377\0002\000.\0001\000.\0003\000\040\147\011\165\114\136\217\122\027\116\016\145\340\172\167\134\017\136\217\122\027\166\204\140\047\215\050}{subsection.2.1}% 12
\BOOKMARK [2][-]{subsection.2.2}{\376\377\0002\000.\0002\000\040\145\066\145\133\136\217\122\027}{section.2}% 13
\BOOKMARK [3][-]{subsubsection.2.2.1}{\376\377\0002\000.\0002\000.\0001\000\040\145\066\145\133\136\217\122\027\166\204\133\232\116\111}{subsection.2.2}% 14
\BOOKMARK [3][-]{subsubsection.2.2.2}{\376\377\0002\000.\0002\000.\0002\000\040\145\066\145\133\136\217\122\027\166\204\140\047\215\050}{subsection.2.2}% 15
\BOOKMARK [3][-]{subsubsection.2.2.3}{\376\377\0002\000.\0002\000.\0003\000\040\145\066\145\133\136\217\122\027\116\016\116\015\173\111\137\017}{subsection.2.2}% 16
\BOOKMARK [2][-]{subsection.2.3}{\376\377\0002\000.\0003\000\040\145\066\145\133\123\237\164\006}{section.2}% 17
\BOOKMARK [3][-]{subsubsection.2.3.1}{\376\377\0002\000.\0003\000.\0001\000\040\123\125\214\003\145\066\145\133\123\237\164\006}{subsection.2.3}% 18
\BOOKMARK [3][-]{subsubsection.2.3.2}{\376\377\0002\000.\0003\000.\0002\000\040\225\355\123\072\225\364\131\127\123\237\164\006\116\016\000B\000-\000W\133\232\164\006}{subsection.2.3}% 19
\BOOKMARK [3][-]{subsubsection.2.3.3}{\376\377\0002\000.\0003\000.\0003\000\040\147\357\211\177\145\066\145\133\123\237\164\006}{subsection.2.3}% 20
\BOOKMARK [2][-]{subsection.2.4}{\376\377\0002\000.\0004\000\040\145\340\172\167\131\047}{section.2}% 21
\BOOKMARK [3][-]{subsubsection.2.4.1}{\376\377\0002\000.\0004\000.\0001\000\040\145\340\172\167\147\201\226\120}{subsection.2.4}% 22
\BOOKMARK [3][-]{subsubsection.2.4.2}{\376\377\0002\000.\0004\000.\0002\000\040\142\151\121\105\166\204\133\236\145\160\174\373}{subsection.2.4}% 23
\BOOKMARK [3][-]{subsubsection.2.4.3}{\376\377\0002\000.\0004\000.\0003\000\040\226\104\137\125\377\032\000S\000t\000o\000l\000z\133\232\164\006}{subsection.2.4}% 24
\BOOKMARK [2][-]{subsection.2.5}{\376\377\0002\000.\0005\000\040\121\375\145\160\166\204\147\201\226\120}{section.2}% 25
\BOOKMARK [3][-]{subsubsection.2.5.1}{\376\377\0002\000.\0005\000.\0001\000\040\121\375\145\160\147\201\226\120\166\204\136\217\122\027\137\017\133\232\116\111}{subsection.2.5}% 26
\BOOKMARK [3][-]{subsubsection.2.5.2}{\376\377\0002\000.\0005\000.\0002\000\040\121\375\145\160\147\201\226\120\166\204\000-\137\017\133\232\116\111}{subsection.2.5}% 27
\BOOKMARK [2][-]{subsection.2.6}{\376\377\0002\000.\0006\000\040\123\125\117\247\147\201\226\120}{section.2}% 28
\BOOKMARK [1][-]{section.3}{\376\377\0003\000\040\217\336\176\355\121\375\145\160}{}% 29
\BOOKMARK [2][-]{subsection.3.1}{\376\377\0003\000.\0001\000\040\217\336\176\355\116\016\225\364\145\255}{section.3}% 30
\BOOKMARK [2][-]{subsection.3.2}{\376\377\0003\000.\0002\000\040\225\355\123\072\225\364\116\012\217\336\176\355\121\375\145\160\166\204\221\315\211\201\140\047\215\050}{section.3}% 31
\BOOKMARK [3][-]{subsubsection.3.2.1}{\376\377\0003\000.\0002\000.\0001\000\040\116\313\120\074\133\232\164\006}{subsection.3.2}% 32
\BOOKMARK [3][-]{subsubsection.3.2.2}{\376\377\0003\000.\0002\000.\0002\000\040\147\000\131\047\120\074\116\016\147\000\134\017\120\074\133\232\164\006}{subsection.3.2}% 33
\BOOKMARK [3][-]{subsubsection.3.2.3}{\376\377\0003\000.\0002\000.\0003\000\040\116\000\201\364\217\336\176\355\140\047}{subsection.3.2}% 34
\BOOKMARK [2][-]{subsection.3.3}{\376\377\0003\000.\0003\000\040\123\125\214\003\121\375\145\160\377\014\123\315\121\375\145\160}{section.3}% 35
\BOOKMARK [2][-]{subsection.3.4}{\376\377\0003\000.\0004\000\040\143\007\145\160\121\375\145\160\116\016\133\371\145\160\121\375\145\160\377\014\122\035\173\111\121\375\145\160\217\336\176\355\140\047\225\356\230\230\134\017\176\323}{section.3}% 36
\BOOKMARK [2][-]{subsection.3.5}{\376\377\0003\000.\0005\000\040\145\340\172\167\134\017\221\317\166\204\153\324\217\203\377\014\121\340\116\052\221\315\211\201\166\204\147\201\226\120}{section.3}% 37
\BOOKMARK [1][-]{section.4}{\376\377\0004\000\040\133\374\145\160}{}% 38
\BOOKMARK [2][-]{subsection.4.1}{\376\377\0004\000.\0001\000\040\133\374\145\160\124\214\137\256\122\006\166\204\151\202\137\365}{section.4}% 39
\BOOKMARK [2][-]{subsection.4.2}{\376\377\0004\000.\0002\000\040\154\102\133\374\154\325\122\031\000,\232\330\226\066\133\374\145\160}{section.4}% 40
\BOOKMARK [3][-]{subsubsection.4.2.1}{\376\377\0004\000.\0002\000.\0001\000\040\127\372\147\054\166\204\154\102\133\374\154\325\122\031}{subsection.4.2}% 41
\BOOKMARK [3][-]{subsubsection.4.2.2}{\376\377\0004\000.\0002\000.\0002\000\040\116\000\226\066\137\256\122\006\166\204\137\142\137\017\116\015\123\330\140\047}{subsection.4.2}% 42
\BOOKMARK [3][-]{subsubsection.4.2.3}{\376\377\0004\000.\0002\000.\0003\000\040\123\315\121\375\145\160\166\204\154\102\133\374\154\325\122\031}{subsection.4.2}% 43
\BOOKMARK [3][-]{subsubsection.4.2.4}{\376\377\0004\000.\0002\000.\0004\000\040\123\302\145\160\124\214\226\220\121\375\145\160\145\271\172\013\166\204\154\102\133\374}{subsection.4.2}% 44
\BOOKMARK [3][-]{subsubsection.4.2.5}{\376\377\0004\000.\0002\000.\0005\000\040\232\330\226\066\133\374\145\160}{subsection.4.2}% 45
\BOOKMARK [2][-]{subsection.4.3}{\376\377\0004\000.\0003\000\040\145\340\172\167\134\017\130\236\221\317\121\154\137\017\124\214\147\011\226\120\130\236\221\317\121\154\137\017}{section.4}% 46
\BOOKMARK [2][-]{subsection.4.4}{\376\377\0004\000.\0004\000\040\221\315\211\201\133\232\164\006\210\145\121\105}{section.4}% 47
\BOOKMARK [1][-]{section.5}{\376\377\0005\000\040\116\000\121\103\137\256\171\357\122\006\133\232\164\006\166\204\121\215\210\145\121\105}{}% 48
\BOOKMARK [2][-]{subsection.5.1}{\376\377\0005\000.\0001\000\040\137\256\122\006\116\055\120\074\133\232\164\006}{section.5}% 49
\BOOKMARK [2][-]{subsection.5.2}{\376\377\0005\000.\0002\000\040\155\033\137\305\217\276\154\325\122\031}{section.5}% 50
\BOOKMARK [2][-]{subsection.5.3}{\376\377\0005\000.\0003\000\040\154\360\122\322\121\154\137\017}{section.5}% 51
\BOOKMARK [2][-]{subsection.5.4}{\376\377\0005\000.\0004\000\040\165\050\133\374\145\160\170\024\172\166\121\375\145\160}{section.5}% 52
\BOOKMARK [3][-]{subsubsection.5.4.1}{\376\377\0005\000.\0004\000.\0001\000\040\147\201\120\074}{subsection.5.4}% 53
\BOOKMARK [3][-]{subsubsection.5.4.2}{\376\377\0005\000.\0004\000.\0002\000\040\121\375\145\160\166\204\121\371\121\370\140\047}{subsection.5.4}% 54
\BOOKMARK [3][-]{subsubsection.5.4.3}{\376\377\0005\000.\0004\000.\0003\000\040\121\375\145\160\121\371\121\370\140\047\166\204\136\224\165\050}{subsection.5.4}% 55
\BOOKMARK [3][-]{subsubsection.5.4.4}{\376\377\0005\000.\0004\000.\0004\000\040\142\320\160\271}{subsection.5.4}% 56
\BOOKMARK [3][-]{subsubsection.5.4.5}{\376\377\0005\000.\0004\000.\0005\000\040\145\271\172\013\154\102\211\343\166\204\162\133\230\177\217\355\116\343\154\325}{subsection.5.4}% 57
\BOOKMARK [1][-]{section.6}{\376\377\0006\000\040\116\015\133\232\171\357\122\006}{}% 58
\BOOKMARK [2][-]{subsection.6.1}{\376\377\0006\000.\0001\000\040\123\237\121\375\145\160\124\214\116\015\133\232\171\357\122\006\166\204\151\202\137\365}{section.6}% 59
\BOOKMARK [2][-]{subsection.6.2}{\376\377\0006\000.\0002\000\040\143\142\121\103\171\357\122\006\154\325}{section.6}% 60
\BOOKMARK [3][-]{subsubsection.6.2.1}{\376\377\0006\000.\0002\000.\0001\000\040\173\054\116\000\143\142\121\103\154\325}{subsection.6.2}% 61
\BOOKMARK [3][-]{subsubsection.6.2.2}{\376\377\0006\000.\0002\000.\0002\000\040\173\054\116\214\143\142\121\103\154\325}{subsection.6.2}% 62
\BOOKMARK [2][-]{subsection.6.3}{\376\377\0006\000.\0003\000\040\122\006\220\350\171\357\122\006}{section.6}% 63
\BOOKMARK [2][-]{subsection.6.4}{\376\377\0006\000.\0004\000\040\147\011\164\006\121\375\145\160\166\204\171\357\122\006}{section.6}% 64
\BOOKMARK [3][-]{subsubsection.6.4.1}{\376\377\0006\000.\0004\000.\0001\000\040\173\200\123\026\122\006\137\017\166\204\116\015\133\232\171\357\122\006}{subsection.6.4}% 65
\BOOKMARK [3][-]{subsubsection.6.4.2}{\376\377\0006\000.\0004\000.\0002\000\040\116\011\211\322\121\375\145\160\147\011\164\006\137\017}{subsection.6.4}% 66
\BOOKMARK [1][-]{section.7}{\376\377\0007\000\040\133\232\171\357\122\006}{}% 67
\BOOKMARK [2][-]{subsection.7.1}{\376\377\0007\000.\0001\000\040\133\232\116\111\116\016\127\372\147\054\140\047\215\050}{section.7}% 68
\BOOKMARK [3][-]{subsubsection.7.1.1}{\376\377\0007\000.\0001\000.\0001\000\040\133\232\171\357\122\006\166\204\140\047\215\050}{subsection.7.1}% 69
\BOOKMARK [2][-]{subsection.7.2}{\376\377\0007\000.\0002\000\040\162\133\230\177\000-\203\261\136\003\134\074\203\050\121\154\137\017}{section.7}% 70
\BOOKMARK [3][-]{subsubsection.7.2.1}{\376\377\0007\000.\0002\000.\0001\000\040\136\046\171\357\122\006\117\131\230\171\166\204\000T\000a\000y\000l\000o\000r\134\125\137\000\000\050\147\011\226\120\130\236\221\317\000\051}{subsection.7.2}% 71
\BOOKMARK [2][-]{subsection.7.3}{\376\377\0007\000.\0003\000\040\133\232\171\357\122\006\166\204\121\340\117\125\116\016\162\151\164\006\136\224\165\050\000,\137\256\121\103\154\325}{section.7}% 72
\BOOKMARK [3][-]{subsubsection.7.3.1}{\376\377\0007\000.\0003\000.\0001\000\040\227\142\171\357\166\204\154\102\211\343}{subsection.7.3}% 73
\BOOKMARK [3][-]{subsubsection.7.3.2}{\376\377\0007\000.\0003\000.\0002\000\040\117\123\171\357}{subsection.7.3}% 74
\BOOKMARK [3][-]{subsubsection.7.3.3}{\376\377\0007\000.\0003\000.\0003\000\040\146\362\176\277\166\204\137\047\225\177}{subsection.7.3}% 75
\BOOKMARK [3][-]{subsubsection.7.3.4}{\376\377\0007\000.\0003\000.\0004\000\040\145\313\217\154\117\123\166\204\117\247\227\142\171\357}{subsection.7.3}% 76
\BOOKMARK [3][-]{subsubsection.7.3.5}{\376\377\0007\000.\0003\000.\0005\000\040\176\277\133\306\136\246\215\050\221\317}{subsection.7.3}% 77
\BOOKMARK [2][-]{subsection.7.4}{\376\377\0007\000.\0004\000\040\123\357\171\357\140\047}{section.7}% 78
\BOOKMARK [2][-]{subsection.7.5}{\376\377\0007\000.\0005\000\040\123\357\171\357\121\375\145\160\174\173}{section.7}% 79
\BOOKMARK [3][-]{subsubsection.7.5.1}{\376\377\0007\000.\0005\000.\0001\000\040\133\371\236\316\146\374\171\357\122\006\166\204\140\035\200\003}{subsection.7.5}% 80
\BOOKMARK [3][-]{subsubsection.7.5.2}{\376\377\0007\000.\0005\000.\0002\000\040\131\015\124\010\121\375\145\160\166\204\123\357\171\357\140\047}{subsection.7.5}% 81
\BOOKMARK [3][-]{subsubsection.7.5.3}{\376\377\0007\000.\0005\000.\0003\000\040\123\357\171\357\140\047\140\073\176\323}{subsection.7.5}% 82
\BOOKMARK [2][-]{subsection.7.6}{\376\377\0007\000.\0006\000\040\123\330\116\012\226\120\166\204\171\357\122\006}{section.7}% 83
\BOOKMARK [3][-]{subsubsection.7.6.1}{\376\377\0007\000.\0006\000.\0001\000\040\123\330\116\013\226\120\171\357\122\006}{subsection.7.6}% 84
\BOOKMARK [3][-]{subsubsection.7.6.2}{\376\377\0007\000.\0006\000.\0002\000\040\131\015\124\010\121\375\145\160}{subsection.7.6}% 85
\BOOKMARK [3][-]{subsubsection.7.6.3}{\376\377\0007\000.\0006\000.\0003\000\040\123\330\116\012\226\120\171\357\122\006\166\204\136\224\165\050\000-\136\163\227\142\116\012\146\362\176\277\166\204\146\362\163\207\124\214\146\362\163\207\123\112\137\204}{subsection.7.6}% 86
\BOOKMARK [2][-]{subsection.7.7}{\376\377\0007\000.\0007\000\040\171\357\122\006\116\015\173\111\137\017}{section.7}% 87
\BOOKMARK [3][-]{subsubsection.7.7.1}{\376\377\0007\000.\0007\000.\0001\000\040\121\371\121\370\140\047\116\016\171\357\122\006\116\015\173\111\137\017}{subsection.7.7}% 88
\BOOKMARK [3][-]{subsubsection.7.7.2}{\376\377\0007\000.\0007\000.\0002\000\040\126\333\131\047\217\336\176\355\140\047}{subsection.7.7}% 89
\BOOKMARK [2][-]{subsection.7.8}{\376\377\0007\000.\0008\000\040\171\357\122\006\116\055\120\074\133\232\164\006}{section.7}% 90
\BOOKMARK [2][-]{subsection.7.9}{\376\377\0007\000.\0009\000\040\133\232\171\357\122\006\166\204\217\321\117\074\213\241\173\227}{section.7}% 91
\BOOKMARK [3][-]{subsubsection.7.9.1}{\376\377\0007\000.\0009\000.\0001\000\040\167\351\137\142\121\154\137\017}{subsection.7.9}% 92
\BOOKMARK [3][-]{subsubsection.7.9.2}{\376\377\0007\000.\0009\000.\0002\000\040\150\257\137\142\121\154\137\017}{subsection.7.9}% 93
\BOOKMARK [3][-]{subsubsection.7.9.3}{\376\377\0007\000.\0009\000.\0003\000\040\000S\000i\000m\000p\000s\000o\000n\121\154\137\017}{subsection.7.9}% 94
\BOOKMARK [3][-]{subsubsection.7.9.4}{\376\377\0007\000.\0009\000.\0004\000\040\000W\000a\000l\000l\000i\000s\121\154\137\017}{subsection.7.9}% 95
\BOOKMARK [3][-]{subsubsection.7.9.5}{\376\377\0007\000.\0009\000.\0005\000\040\000S\000t\000r\000l\000i\000n\000g\121\154\137\017}{subsection.7.9}% 96
\BOOKMARK [1][-]{section.8}{\376\377\0008\000\040\136\177\116\111\171\357\122\006}{}% 97
\BOOKMARK [2][-]{subsection.8.1}{\376\377\0008\000.\0001\000\040\136\177\116\111\171\357\122\006\166\204\133\232\116\111}{section.8}% 98
\BOOKMARK [3][-]{subsubsection.8.1.1}{\376\377\0008\000.\0001\000.\0001\000\040\145\340\172\167\226\120\171\357\122\006}{subsection.8.1}% 99
\BOOKMARK [3][-]{subsubsection.8.1.2}{\376\377\0008\000.\0001\000.\0002\000\040\164\125\171\357\122\006}{subsection.8.1}% 100
\BOOKMARK [1][-]{section.9}{\376\377\0009\000\040\131\032\176\364\172\172\225\364}{}% 101
\BOOKMARK [2][-]{subsection.9.1}{\376\377\0009\000.\0001\000\040\176\277\140\047\172\172\225\364}{section.9}% 102
\BOOKMARK [2][-]{subsection.9.2}{\376\377\0009\000.\0002\000\040\215\335\171\273\000\050\136\246\221\317\000\051\172\172\225\364\000\040\000M\000e\000t\000r\000i\000c\000\040\000S\000p\000a\000c\000e}{section.9}% 103
\BOOKMARK [2][-]{subsection.9.3}{\376\377\0009\000.\0003\000\040\172\172\225\364\166\204\133\214\131\007\140\047}{section.9}% 104
\BOOKMARK [2][-]{subsection.9.4}{\376\377\0009\000.\0004\000\040\000R\000m\172\172\225\364\116\055\166\204\121\375\145\160}{section.9}% 105
\BOOKMARK [2][-]{subsection.9.5}{\376\377\0009\000.\0005\000\040\147\011\165\114\225\355\226\306\116\012\217\336\176\355\121\375\145\160\166\204\140\047\215\050}{section.9}% 106
\BOOKMARK [2][-]{subsection.9.6}{\376\377\0009\000.\0006\000\040\175\047\201\364\140\047}{section.9}% 107
\BOOKMARK [2][-]{subsection.9.7}{\376\377\0009\000.\0007\000\040\217\336\220\032\140\047}{section.9}% 108
\BOOKMARK [1][-]{section.10}{\376\377\0001\0000\000\040\131\032\121\103\121\375\145\160\166\204\133\374\145\160}{}% 109
\BOOKMARK [2][-]{subsubsection.10.0.1}{\376\377\0001\0000\000.\0000\000.\0001\000\040\131\015\124\010\121\375\145\160\166\204\137\256\122\006}{section.10}% 110
\BOOKMARK [2][-]{subsection.10.1}{\376\377\0001\0000\000.\0001\000\040\232\330\226\066\133\374\145\160}{section.10}% 111
\BOOKMARK [2][-]{subsection.10.2}{\376\377\0001\0000\000.\0002\000\040\131\032\121\103\121\375\145\160\166\204\154\360\122\322\121\154\137\017}{section.10}% 112
\BOOKMARK [3][-]{subsubsection.10.2.1}{\376\377\0001\0000\000.\0002\000.\0001\000\040\131\032\121\103\121\375\145\160\166\204\154\360\122\322\121\154\137\017}{subsection.10.2}% 113
\BOOKMARK [3][-]{subsubsection.10.2.2}{\376\377\0001\0000\000.\0002\000.\0002\000\040\147\011\226\120\130\236\221\317\121\154\137\017}{subsection.10.2}% 114
\BOOKMARK [2][-]{subsection.10.3}{\376\377\0001\0000\000.\0003\000\040\226\220\121\375\145\160\133\232\164\006}{section.10}% 115
\BOOKMARK [2][-]{subsection.10.4}{\376\377\0001\0000\000.\0004\000\040\176\277\140\047\146\040\134\004}{section.10}% 116
\BOOKMARK [2][-]{subsection.10.5}{\376\377\0001\0000\000.\0005\000\040\131\032\121\103\121\375\145\160\166\204\147\201\120\074}{section.10}% 117
\BOOKMARK [3][-]{subsubsection.10.5.1}{\376\377\0001\0000\000.\0005\000.\0001\000\040\146\156\220\032\147\201\120\074}{subsection.10.5}% 118
\BOOKMARK [3][-]{subsubsection.10.5.2}{\376\377\0001\0000\000.\0005\000.\0002\000\040\147\141\116\366\147\201\120\074}{subsection.10.5}% 119
\BOOKMARK [2][-]{subsection.10.6}{\376\377\0001\0000\000.\0006\000\040\131\032\121\103\137\256\122\006\166\204\121\340\117\125\133\146\136\224\165\050}{section.10}% 120
\BOOKMARK [3][-]{subsubsection.10.6.1}{\376\377\0001\0000\000.\0006\000.\0001\000\040\166\364\176\277}{subsection.10.6}% 121
\BOOKMARK [3][-]{subsubsection.10.6.2}{\376\377\0001\0000\000.\0006\000.\0002\000\040\146\362\227\142}{subsection.10.6}% 122
\BOOKMARK [3][-]{subsubsection.10.6.3}{\376\377\0001\0000\000.\0006\000.\0003\000\040\000F\000r\000e\000n\000e\000t\150\007\147\266\000,\146\362\163\207\000,\143\040\163\207}{subsection.10.6}% 123
\BOOKMARK [3][-]{subsubsection.10.6.4}{\376\377\0001\0000\000.\0006\000.\0004\000\040\146\362\163\207\000,\143\040\163\207\166\204\121\166\116\326\210\150\171\072\145\271\137\017}{subsection.10.6}% 124
\BOOKMARK [3][-]{subsubsection.10.6.5}{\376\377\0001\0000\000.\0006\000.\0005\000\040\146\362\227\142\173\054\116\000\150\007\121\306\137\142\137\017}{subsection.10.6}% 125
\BOOKMARK [3][-]{subsubsection.10.6.6}{\376\377\0001\0000\000.\0006\000.\0006\000\040\146\362\227\142\173\054\116\214\150\007\121\306\137\142\137\017}{subsection.10.6}% 126
\BOOKMARK [1][-]{section.11}{\376\377\0001\0001\000\040\221\315\171\357\122\006}{}% 127
\BOOKMARK [2][-]{subsection.11.1}{\376\377\0001\0001\000.\0001\000\040\221\315\171\357\122\006\217\154\123\026\116\072\175\057\153\041\171\357\122\006}{section.11}% 128
\BOOKMARK [2][-]{subsection.11.2}{\376\377\0001\0001\000.\0002\000\040\202\345\137\123\123\357\155\113\226\306\116\012\166\204\171\357\122\006}{section.11}% 129
\BOOKMARK [2][-]{subsection.11.3}{\376\377\0001\0001\000.\0003\000\040\221\315\171\357\122\006\166\204\123\330\221\317\116\343\143\142}{section.11}% 130
\BOOKMARK [1][-]{section.12}{\376\377\0001\0002\000\040\146\362\176\277\171\357\122\006}{}% 131
\BOOKMARK [2][-]{subsection.12.1}{\376\377\0001\0002\000.\0001\000\040\173\054\116\000\127\213\146\362\176\277\171\357\122\006}{section.12}% 132
\BOOKMARK [2][-]{subsection.12.2}{\376\377\0001\0002\000.\0002\000\040\173\054\116\000\127\213\146\362\227\142\171\357\122\006}{section.12}% 133
\BOOKMARK [2][-]{subsection.12.3}{\376\377\0001\0002\000.\0003\000\040\173\054\116\214\127\213\146\362\176\277\171\357\122\006}{section.12}% 134
\BOOKMARK [2][-]{subsection.12.4}{\376\377\0001\0002\000.\0004\000\040\173\054\116\214\127\213\146\362\227\142\171\357\122\006}{section.12}% 135
\BOOKMARK [2][-]{subsection.12.5}{\376\377\0001\0002\000.\0005\000\040\124\004\127\213\171\357\122\006\166\204\121\163\174\373}{section.12}% 136
\BOOKMARK [3][-]{subsubsection.12.5.1}{\376\377\0001\0002\000.\0005\000.\0001\000\040\150\074\147\227\121\154\137\017}{subsection.12.5}% 137
\BOOKMARK [3][-]{subsubsection.12.5.2}{\376\377\0001\0002\000.\0005\000.\0002\000\040\232\330\145\257\121\154\137\017}{subsection.12.5}% 138
\BOOKMARK [3][-]{subsubsection.12.5.3}{\376\377\0001\0002\000.\0005\000.\0003\000\040\145\257\142\130\121\113\145\257\121\154\137\017}{subsection.12.5}% 139
\BOOKMARK [2][-]{subsection.12.6}{\376\377\0001\0002\000.\0006\000\040\137\256\122\006\137\142\137\017\173\200\116\313}{section.12}% 140
\BOOKMARK [2][-]{subsection.12.7}{\376\377\0001\0002\000.\0007\000\040\127\072\213\272\121\145\225\350}{section.12}% 141
\BOOKMARK [3][-]{subsubsection.12.7.1}{\376\377\0001\0002\000.\0007\000.\0001\000\040\145\160\221\317\127\072\166\204\150\257\136\246}{subsection.12.7}% 142
\BOOKMARK [3][-]{subsubsection.12.7.2}{\376\377\0001\0002\000.\0007\000.\0002\000\040\124\021\221\317\127\072\166\204\145\143\136\246}{subsection.12.7}% 143
\BOOKMARK [3][-]{subsubsection.12.7.3}{\376\377\0001\0002\000.\0007\000.\0003\000\040\124\021\221\317\127\072\166\204\145\313\136\246}{subsection.12.7}% 144
\BOOKMARK [3][-]{subsubsection.12.7.4}{\376\377\0001\0002\000.\0007\000.\0004\000\040\220\350\122\006\127\072\213\272\121\154\137\017\166\204\213\301\146\016}{subsection.12.7}% 145
\BOOKMARK [3][-]{subsubsection.12.7.5}{\376\377\0001\0002\000.\0007\000.\0005\000\040\153\143\116\244\146\362\176\277\127\120\150\007\174\373}{subsection.12.7}% 146
