This is pdfTeX, Version 3.14159265-2.6-1.40.21 (TeX Live 2020/W32TeX) (preloaded format=pdflatex 2023.9.14)  8 JAN 2024 21:12
entering extended mode
 restricted \write18 enabled.
 file:line:error style messages enabled.
 %&-line parsing enabled.
**c:/code/LaTex/ж•°еӯҰеҲҶжһҗ/ж•°еӯҰеҲҶжһҗ.tex
(c:/code/LaTex/ж•°еӯҰеҲҶжһҗ/ж•°еӯҰеҲҶжһҗ.tex
LaTeX2e <2020-02-02> patch level 5
L3 programming layer <2020-03-06> (c:/texlive/2020/texmf-dist/tex/latex/base/article.cls
Document Class: article 2019/12/20 v1.4l Standard LaTeX document class
(c:/texlive/2020/texmf-dist/tex/latex/base/size10.clo
File: size10.clo 2019/12/20 v1.4l Standard LaTeX file (size option)
)
\c@part=\count167
\c@section=\count168
\c@subsection=\count169
\c@subsubsection=\count170
\c@paragraph=\count171
\c@subparagraph=\count172
\c@figure=\count173
\c@table=\count174
\abovecaptionskip=\skip47
\belowcaptionskip=\skip48
\bibindent=\dimen134
) (c:/texlive/2020/texmf-dist/tex/latex/graphics/graphicx.sty
Package: graphicx 2019/11/30 v1.2a Enhanced LaTeX Graphics (DPC,SPQR)
 (c:/texlive/2020/texmf-dist/tex/latex/graphics/keyval.sty
Package: keyval 2014/10/28 v1.15 key=value parser (DPC)
\KV@toks@=\toks15
) (c:/texlive/2020/texmf-dist/tex/latex/graphics/graphics.sty
Package: graphics 2019/11/30 v1.4a Standard LaTeX Graphics (DPC,SPQR)
 (c:/texlive/2020/texmf-dist/tex/latex/graphics/trig.sty
Package: trig 2016/01/03 v1.10 sin cos tan (DPC)
) (c:/texlive/2020/texmf-dist/tex/latex/graphics-cfg/graphics.cfg
File: graphics.cfg 2016/06/04 v1.11 sample graphics configuration
)
Package graphics Info: Driver file: pdftex.def on input line 105.
 (c:/texlive/2020/texmf-dist/tex/latex/graphics-def/pdftex.def
File: pdftex.def 2018/01/08 v1.0l Graphics/color driver for pdftex
))
\Gin@req@height=\dimen135
\Gin@req@width=\dimen136
) (c:/texlive/2020/texmf-dist/tex/latex/ctex/ctex.sty (c:/texlive/2020/texmf-dist/tex/latex/l3kernel/expl3.sty
Package: expl3 2020-03-06 L3 programming layer (loader) 
 (c:/texlive/2020/texmf-dist/tex/latex/l3backend/l3backend-pdfmode.def
File: l3backend-pdfmode.def 2020-03-12 L3 backend support: PDF mode
\l__kernel_color_stack_int=\count175
\l__pdf_internal_box=\box45
))
Package: ctex 2019/05/29 v2.4.16 Chinese adapter in LaTeX (CTEX)
 (c:/texlive/2020/texmf-dist/tex/latex/l3packages/xparse/xparse.sty
Package: xparse 2020-03-06 L3 Experimental document command parser
\l__xparse_current_arg_int=\count176
\g__xparse_grabber_int=\count177
\l__xparse_m_args_int=\count178
\l__xparse_v_nesting_int=\count179
) (c:/texlive/2020/texmf-dist/tex/latex/l3packages/l3keys2e/l3keys2e.sty
Package: l3keys2e 2020-03-06 LaTeX2e option processing using LaTeX3 keys
) (c:/texlive/2020/texmf-dist/tex/latex/ctex/ctexhook.sty
Package: ctexhook 2019/05/29 v2.4.16 Document and package hooks (CTEX)
) (c:/texlive/2020/texmf-dist/tex/latex/ctex/ctexpatch.sty
Package: ctexpatch 2019/05/29 v2.4.16 Patching commands (CTEX)
) (c:/texlive/2020/texmf-dist/tex/latex/base/fix-cm.sty
Package: fix-cm 2015/01/14 v1.1t fixes to LaTeX
 (c:/texlive/2020/texmf-dist/tex/latex/base/ts1enc.def
File: ts1enc.def 2001/06/05 v3.0e (jk/car/fm) Standard LaTeX file
LaTeX Font Info:    Redeclaring font encoding TS1 on input line 47.
)) (c:/texlive/2020/texmf-dist/tex/latex/ms/everysel.sty
Package: everysel 2011/10/28 v1.2 EverySelectfont Package (MS)
)
\l__ctex_tmp_int=\count180
\l__ctex_tmp_box=\box46
\l__ctex_tmp_dim=\dimen137
\g__ctex_section_depth_int=\count181
\g__ctex_font_size_int=\count182
 (c:/texlive/2020/texmf-dist/tex/latex/ctex/config/ctexopts.cfg
File: ctexopts.cfg 2019/05/29 v2.4.16 Option configuration file (CTEX)
) (c:/texlive/2020/texmf-dist/tex/latex/ctex/engine/ctex-engine-pdftex.def
File: ctex-engine-pdftex.def 2019/05/29 v2.4.16 (pdf)LaTeX adapter (CTEX)
 (c:/texlive/2020/texmf-dist/tex/latex/cjk/texinput/CJK.sty
Package: CJK 2015/04/18 4.8.4
 (c:/texlive/2020/texmf-dist/tex/latex/cjk/texinput/mule/MULEenc.sty
Package: MULEenc 2015/04/18 4.8.4
) (c:/texlive/2020/texmf-dist/tex/latex/cjk/texinput/CJK.enc
File: CJK.enc 2015/04/18 4.8.4
Now handling font encoding C00 ...
... no UTF-8 mapping file for font encoding C00
Now handling font encoding C05 ...
... no UTF-8 mapping file for font encoding C05
Now handling font encoding C09 ...
... no UTF-8 mapping file for font encoding C09
Now handling font encoding C10 ...
... no UTF-8 mapping file for font encoding C10
Now handling font encoding C20 ...
... no UTF-8 mapping file for font encoding C20
Now handling font encoding C19 ...
... no UTF-8 mapping file for font encoding C19
Now handling font encoding C40 ...
... no UTF-8 mapping file for font encoding C40
Now handling font encoding C42 ...
... no UTF-8 mapping file for font encoding C42
Now handling font encoding C43 ...
... no UTF-8 mapping file for font encoding C43
Now handling font encoding C50 ...
... no UTF-8 mapping file for font encoding C50
Now handling font encoding C52 ...
... no UTF-8 mapping file for font encoding C52
Now handling font encoding C49 ...
... no UTF-8 mapping file for font encoding C49
Now handling font encoding C60 ...
... no UTF-8 mapping file for font encoding C60
Now handling font encoding C61 ...
... no UTF-8 mapping file for font encoding C61
Now handling font encoding C63 ...
... no UTF-8 mapping file for font encoding C63
Now handling font encoding C64 ...
... no UTF-8 mapping file for font encoding C64
Now handling font encoding C65 ...
... no UTF-8 mapping file for font encoding C65
Now handling font encoding C70 ...
... no UTF-8 mapping file for font encoding C70
Now handling font encoding C31 ...
... no UTF-8 mapping file for font encoding C31
Now handling font encoding C32 ...
... no UTF-8 mapping file for font encoding C32
Now handling font encoding C33 ...
... no UTF-8 mapping file for font encoding C33
Now handling font encoding C34 ...
... no UTF-8 mapping file for font encoding C34
Now handling font encoding C35 ...
... no UTF-8 mapping file for font encoding C35
Now handling font encoding C36 ...
... no UTF-8 mapping file for font encoding C36
Now handling font encoding C37 ...
... no UTF-8 mapping file for font encoding C37
Now handling font encoding C80 ...
... no UTF-8 mapping file for font encoding C80
Now handling font encoding C81 ...
... no UTF-8 mapping file for font encoding C81
Now handling font encoding C01 ...
... no UTF-8 mapping file for font encoding C01
Now handling font encoding C11 ...
... no UTF-8 mapping file for font encoding C11
Now handling font encoding C21 ...
... no UTF-8 mapping file for font encoding C21
Now handling font encoding C41 ...
... no UTF-8 mapping file for font encoding C41
Now handling font encoding C62 ...
... no UTF-8 mapping file for font encoding C62
)
LaTeX Info: Redefining \selectfont on input line 755.
\CJK@indent=\box47
) (c:/texlive/2020/texmf-dist/tex/latex/cjkpunct/CJKpunct.sty
Package: CJKpunct 2016/05/14 4.8.4
\CJKpunct@cnta=\count183
\CJKpunct@cntb=\count184
\CJKpunct@cntc=\count185
\CJKpunct@cntd=\count186
\CJKpunct@cnte=\count187
   defining Unicode char U+2018 (decimal 8216)
   defining Unicode char U+2019 (decimal 8217)
   defining Unicode char U+201C (decimal 8220)
   defining Unicode char U+201D (decimal 8221)
   defining Unicode char U+2014 (decimal 8212)
   defining Unicode char U+2026 (decimal 8230)
 (c:/texlive/2020/texmf-dist/tex/latex/cjkpunct/CJKpunct.spa)) (c:/texlive/2020/texmf-dist/tex/latex/cjk/texinput/CJKspace.sty
Package: CJKspace 2015/04/18 3.8.0
) (c:/texlive/2020/texmf-dist/tex/latex/cjk/texinput/standard.bdg
File: standard.bdg 2015/04/18 4.8.4
) (c:/texlive/2020/texmf-dist/tex/latex/ctex/ctexspa.def
File: ctexspa.def 2019/05/29 v2.4.16 Space info for CJKpunct (CTEX)
) (c:/texlive/2020/texmf-dist/tex/latex/cjk/texinput/CJKfntef.sty
Package: CJKfntef 2015/04/18 4.8.4
 (c:/texlive/2020/texmf-dist/tex/latex/cjk/texinput/CJKulem.sty
Package: CJKulem 2015/04/18 4.8.4
 (c:/texlive/2020/texmf-dist/tex/generic/ulem/ulem.sty
\UL@box=\box48
\UL@hyphenbox=\box49
\UL@skip=\skip49
\UL@hook=\toks16
\UL@height=\dimen138
\UL@pe=\count188
\UL@pixel=\dimen139
\ULC@box=\box50
Package: ulem 2019/11/18
\ULdepth=\dimen140
)
\UL@lastkern=\dimen141
\CJK@skip=\skip50
)
\CJK@fntefSkip=\skip51
\CJK@nest=\count189
\CJK@fntefDimen=\dimen142
\CJK@underdotBox=\box51
\CJK@ULbox=\box52
\CJK@underanyskip=\dimen143
)
\ccwd=\dimen144
\l__ctex_ccglue_skip=\skip52
)
\l__ctex_ziju_dim=\dimen145
 (c:/texlive/2020/texmf-dist/tex/latex/zhnumber/zhnumber.sty
Package: zhnumber 2019/04/07 v2.7 Typesetting numbers with Chinese glyphs
\l__zhnum_scale_int=\count190
\l__zhnum_byte_min_int=\count191
\l__zhnum_byte_max_int=\count192
 (c:/texlive/2020/texmf-dist/tex/latex/zhnumber/zhnumber-gbk.cfg
File: zhnumber-gbk.cfg 2019/04/07 v2.7 Chinese numerals with GBK encoding
)) (c:/texlive/2020/texmf-dist/tex/latex/ctex/scheme/ctex-scheme-chinese.def
File: ctex-scheme-chinese.def 2019/05/29 v2.4.16 Chinese scheme for generic (CTEX)
 (c:/texlive/2020/texmf-dist/tex/latex/ctex/config/ctex-name-gbk.cfg
File: ctex-name-gbk.cfg 2019/05/29 v2.4.16 Caption with encoding GBK (CTEX)
)) (c:/texlive/2020/texmf-dist/tex/latex/tools/indentfirst.sty
Package: indentfirst 1995/11/23 v1.03 Indent first paragraph (DPC)
) (c:/texlive/2020/texmf-dist/tex/latex/ctex/ctex-c5size.clo
File: ctex-c5size.clo 2019/05/29 v2.4.16 c5size option (CTEX)
) (c:/texlive/2020/texmf-dist/tex/latex/ctex/fontset/ctex-fontset-windows.def
File: ctex-fontset-windows.def 2019/05/29 v2.4.16 Windows fonts definition (CTEX)
 (c:/texlive/2020/texmf-dist/tex/latex/ctex/fontset/ctex-fontset-windowsnew.def
File: ctex-fontset-windowsnew.def 2019/05/29 v2.4.16 Windows fonts definition for Vista or later version (CTEX)
 (c:/texlive/2020/texmf-dist/tex/generic/ctex/zhwindowsfonts.tex
File: zhwindowsfonts.tex 2019/05/29 v2.4.16 Windows font map loader for pdfTeX and DVIPDFMx (CTEX)
{c:/texlive/2020/texmf-var/fonts/map/pdftex/updmap/pdftex.map}{UGBK.sfd}{Unicode.sfd})))) (c:/texlive/2020/texmf-dist/tex/latex/ctex/config/ctex.cfg
File: ctex.cfg 2019/05/29 v2.4.16 Configuration file (CTEX)
) (c:/texlive/2020/texmf-dist/tex/latex/amsfonts/amsfonts.sty
Package: amsfonts 2013/01/14 v3.01 Basic AMSFonts support
\@emptytoks=\toks17
\symAMSa=\mathgroup4
\symAMSb=\mathgroup5
LaTeX Font Info:    Redeclaring math symbol \hbar on input line 98.
LaTeX Font Info:    Overwriting math alphabet `\mathfrak' in version `bold'
(Font)                  U/euf/m/n --> U/euf/b/n on input line 106.
) (c:/texlive/2020/texmf-dist/tex/latex/amsfonts/amssymb.sty
Package: amssymb 2013/01/14 v3.01 AMS font symbols
) (c:/texlive/2020/texmf-dist/tex/latex/amsmath/amsmath.sty
Package: amsmath 2020/01/20 v2.17e AMS math features
\@mathmargin=\skip53

For additional information on amsmath, use the `?' option.
(c:/texlive/2020/texmf-dist/tex/latex/amsmath/amstext.sty
Package: amstext 2000/06/29 v2.01 AMS text
 (c:/texlive/2020/texmf-dist/tex/latex/amsmath/amsgen.sty
File: amsgen.sty 1999/11/30 v2.0 generic functions
\@emptytoks=\toks18
\ex@=\dimen146
)) (c:/texlive/2020/texmf-dist/tex/latex/amsmath/amsbsy.sty
Package: amsbsy 1999/11/29 v1.2d Bold Symbols
\pmbraise@=\dimen147
) (c:/texlive/2020/texmf-dist/tex/latex/amsmath/amsopn.sty
Package: amsopn 2016/03/08 v2.02 operator names
)
\inf@bad=\count193
LaTeX Info: Redefining \frac on input line 227.
\uproot@=\count194
\leftroot@=\count195
LaTeX Info: Redefining \overline on input line 389.
\classnum@=\count196
\DOTSCASE@=\count197
LaTeX Info: Redefining \ldots on input line 486.
LaTeX Info: Redefining \dots on input line 489.
LaTeX Info: Redefining \cdots on input line 610.
\Mathstrutbox@=\box53
\strutbox@=\box54
\big@size=\dimen148
LaTeX Font Info:    Redeclaring font encoding OML on input line 733.
LaTeX Font Info:    Redeclaring font encoding OMS on input line 734.
\macc@depth=\count198
\c@MaxMatrixCols=\count199
\dotsspace@=\muskip16
\c@parentequation=\count266
\dspbrk@lvl=\count267
\tag@help=\toks19
\row@=\count268
\column@=\count269
\maxfields@=\count270
\andhelp@=\toks20
\eqnshift@=\dimen149
\alignsep@=\dimen150
\tagshift@=\dimen151
\tagwidth@=\dimen152
\totwidth@=\dimen153
\lineht@=\dimen154
\@envbody=\toks21
\multlinegap=\skip54
\multlinetaggap=\skip55
\mathdisplay@stack=\toks22
LaTeX Info: Redefining \[ on input line 2859.
LaTeX Info: Redefining \] on input line 2860.
) (c:/texlive/2020/texmf-dist/tex/latex/amscls/amsthm.sty
Package: amsthm 2017/10/31 v2.20.4
\thm@style=\toks23
\thm@bodyfont=\toks24
\thm@headfont=\toks25
\thm@notefont=\toks26
\thm@headpunct=\toks27
\thm@preskip=\skip56
\thm@postskip=\skip57
\thm@headsep=\skip58
\dth@everypar=\toks28
) (c:/texlive/2020/texmf-dist/tex/latex/pgfplots/pgfplots.sty (c:/texlive/2020/texmf-dist/tex/generic/pgfplots/pgfplots.revision.tex)
Package: pgfplots 2020/02/29 v1.17 Data Visualization (1.17)
 (c:/texlive/2020/texmf-dist/tex/latex/pgf/frontendlayer/tikz.sty (c:/texlive/2020/texmf-dist/tex/latex/pgf/basiclayer/pgf.sty (c:/texlive/2020/texmf-dist/tex/latex/pgf/utilities/pgfrcs.sty (c:/texlive/2020/texmf-dist/tex/generic/pgf/utilities/pgfutil-common.tex
\pgfutil@everybye=\toks29
\pgfutil@tempdima=\dimen155
\pgfutil@tempdimb=\dimen156
 (c:/texlive/2020/texmf-dist/tex/generic/pgf/utilities/pgfutil-common-lists.tex)) (c:/texlive/2020/texmf-dist/tex/generic/pgf/utilities/pgfutil-latex.def
\pgfutil@abb=\box55
 (c:/texlive/2020/texmf-dist/tex/latex/ms/everyshi.sty
Package: everyshi 2001/05/15 v3.00 EveryShipout Package (MS)
)) (c:/texlive/2020/texmf-dist/tex/generic/pgf/utilities/pgfrcs.code.tex (c:/texlive/2020/texmf-dist/tex/generic/pgf/pgf.revision.tex)
Package: pgfrcs 2020/01/08 v3.1.5b (3.1.5b)
))
Package: pgf 2020/01/08 v3.1.5b (3.1.5b)
 (c:/texlive/2020/texmf-dist/tex/latex/pgf/basiclayer/pgfcore.sty (c:/texlive/2020/texmf-dist/tex/latex/pgf/systemlayer/pgfsys.sty (c:/texlive/2020/texmf-dist/tex/generic/pgf/systemlayer/pgfsys.code.tex
Package: pgfsys 2020/01/08 v3.1.5b (3.1.5b)
 (c:/texlive/2020/texmf-dist/tex/generic/pgf/utilities/pgfkeys.code.tex
\pgfkeys@pathtoks=\toks30
\pgfkeys@temptoks=\toks31
 (c:/texlive/2020/texmf-dist/tex/generic/pgf/utilities/pgfkeysfiltered.code.tex
\pgfkeys@tmptoks=\toks32
))
\pgf@x=\dimen157
\pgf@y=\dimen158
\pgf@xa=\dimen159
\pgf@ya=\dimen160
\pgf@xb=\dimen161
\pgf@yb=\dimen162
\pgf@xc=\dimen163
\pgf@yc=\dimen164
\pgf@xd=\dimen165
\pgf@yd=\dimen166
\w@pgf@writea=\write3
\r@pgf@reada=\read2
\c@pgf@counta=\count271
\c@pgf@countb=\count272
\c@pgf@countc=\count273
\c@pgf@countd=\count274
\t@pgf@toka=\toks33
\t@pgf@tokb=\toks34
\t@pgf@tokc=\toks35
\pgf@sys@id@count=\count275
 (c:/texlive/2020/texmf-dist/tex/generic/pgf/systemlayer/pgf.cfg
File: pgf.cfg 2020/01/08 v3.1.5b (3.1.5b)
)
Driver file for pgf: pgfsys-pdftex.def
 (c:/texlive/2020/texmf-dist/tex/generic/pgf/systemlayer/pgfsys-pdftex.def
File: pgfsys-pdftex.def 2020/01/08 v3.1.5b (3.1.5b)
 (c:/texlive/2020/texmf-dist/tex/generic/pgf/systemlayer/pgfsys-common-pdf.def
File: pgfsys-common-pdf.def 2020/01/08 v3.1.5b (3.1.5b)
))) (c:/texlive/2020/texmf-dist/tex/generic/pgf/systemlayer/pgfsyssoftpath.code.tex
File: pgfsyssoftpath.code.tex 2020/01/08 v3.1.5b (3.1.5b)
\pgfsyssoftpath@smallbuffer@items=\count276
\pgfsyssoftpath@bigbuffer@items=\count277
) (c:/texlive/2020/texmf-dist/tex/generic/pgf/systemlayer/pgfsysprotocol.code.tex
File: pgfsysprotocol.code.tex 2020/01/08 v3.1.5b (3.1.5b)
)) (c:/texlive/2020/texmf-dist/tex/latex/xcolor/xcolor.sty
Package: xcolor 2016/05/11 v2.12 LaTeX color extensions (UK)
 (c:/texlive/2020/texmf-dist/tex/latex/graphics-cfg/color.cfg
File: color.cfg 2016/01/02 v1.6 sample color configuration
)
Package xcolor Info: Driver file: pdftex.def on input line 225.
Package xcolor Info: Model `cmy' substituted by `cmy0' on input line 1348.
Package xcolor Info: Model `hsb' substituted by `rgb' on input line 1352.
Package xcolor Info: Model `RGB' extended on input line 1364.
Package xcolor Info: Model `HTML' substituted by `rgb' on input line 1366.
Package xcolor Info: Model `Hsb' substituted by `hsb' on input line 1367.
Package xcolor Info: Model `tHsb' substituted by `hsb' on input line 1368.
Package xcolor Info: Model `HSB' substituted by `hsb' on input line 1369.
Package xcolor Info: Model `Gray' substituted by `gray' on input line 1370.
Package xcolor Info: Model `wave' substituted by `hsb' on input line 1371.
) (c:/texlive/2020/texmf-dist/tex/generic/pgf/basiclayer/pgfcore.code.tex
Package: pgfcore 2020/01/08 v3.1.5b (3.1.5b)
 (c:/texlive/2020/texmf-dist/tex/generic/pgf/math/pgfmath.code.tex (c:/texlive/2020/texmf-dist/tex/generic/pgf/math/pgfmathcalc.code.tex (c:/texlive/2020/texmf-dist/tex/generic/pgf/math/pgfmathutil.code.tex) (c:/texlive/2020/texmf-dist/tex/generic/pgf/math/pgfmathparser.code.tex
\pgfmath@dimen=\dimen167
\pgfmath@count=\count278
\pgfmath@box=\box56
\pgfmath@toks=\toks36
\pgfmath@stack@operand=\toks37
\pgfmath@stack@operation=\toks38
) (c:/texlive/2020/texmf-dist/tex/generic/pgf/math/pgfmathfunctions.code.tex (c:/texlive/2020/texmf-dist/tex/generic/pgf/math/pgfmathfunctions.basic.code.tex) (c:/texlive/2020/texmf-dist/tex/generic/pgf/math/pgfmathfunctions.trigonometric.code.tex) (c:/texlive/2020/texmf-dist/tex/generic/pgf/math/pgfmathfunctions.random.code.tex) (c:/texlive/2020/texmf-dist/tex/generic/pgf/math/pgfmathfunctions.comparison.code.tex) (c:/texlive/2020/texmf-dist/tex/generic/pgf/math/pgfmathfunctions.base.code.tex) (c:/texlive/2020/texmf-dist/tex/generic/pgf/math/pgfmathfunctions.round.code.tex) (c:/texlive/2020/texmf-dist/tex/generic/pgf/math/pgfmathfunctions.misc.code.tex) (c:/texlive/2020/texmf-dist/tex/generic/pgf/math/pgfmathfunctions.integerarithmetics.code.tex))) (c:/texlive/2020/texmf-dist/tex/generic/pgf/math/pgfmathfloat.code.tex
\c@pgfmathroundto@lastzeros=\count279
)) (c:/texlive/2020/texmf-dist/tex/generic/pgf/math/pgfint.code.tex) (c:/texlive/2020/texmf-dist/tex/generic/pgf/basiclayer/pgfcorepoints.code.tex
File: pgfcorepoints.code.tex 2020/01/08 v3.1.5b (3.1.5b)
\pgf@picminx=\dimen168
\pgf@picmaxx=\dimen169
\pgf@picminy=\dimen170
\pgf@picmaxy=\dimen171
\pgf@pathminx=\dimen172
\pgf@pathmaxx=\dimen173
\pgf@pathminy=\dimen174
\pgf@pathmaxy=\dimen175
\pgf@xx=\dimen176
\pgf@xy=\dimen177
\pgf@yx=\dimen178
\pgf@yy=\dimen179
\pgf@zx=\dimen180
\pgf@zy=\dimen181
) (c:/texlive/2020/texmf-dist/tex/generic/pgf/basiclayer/pgfcorepathconstruct.code.tex
File: pgfcorepathconstruct.code.tex 2020/01/08 v3.1.5b (3.1.5b)
\pgf@path@lastx=\dimen182
\pgf@path@lasty=\dimen183
) (c:/texlive/2020/texmf-dist/tex/generic/pgf/basiclayer/pgfcorepathusage.code.tex
File: pgfcorepathusage.code.tex 2020/01/08 v3.1.5b (3.1.5b)
\pgf@shorten@end@additional=\dimen184
\pgf@shorten@start@additional=\dimen185
) (c:/texlive/2020/texmf-dist/tex/generic/pgf/basiclayer/pgfcorescopes.code.tex
File: pgfcorescopes.code.tex 2020/01/08 v3.1.5b (3.1.5b)
\pgfpic=\box57
\pgf@hbox=\box58
\pgf@layerbox@main=\box59
\pgf@picture@serial@count=\count280
) (c:/texlive/2020/texmf-dist/tex/generic/pgf/basiclayer/pgfcoregraphicstate.code.tex
File: pgfcoregraphicstate.code.tex 2020/01/08 v3.1.5b (3.1.5b)
\pgflinewidth=\dimen186
) (c:/texlive/2020/texmf-dist/tex/generic/pgf/basiclayer/pgfcoretransformations.code.tex
File: pgfcoretransformations.code.tex 2020/01/08 v3.1.5b (3.1.5b)
\pgf@pt@x=\dimen187
\pgf@pt@y=\dimen188
\pgf@pt@temp=\dimen189
) (c:/texlive/2020/texmf-dist/tex/generic/pgf/basiclayer/pgfcorequick.code.tex
File: pgfcorequick.code.tex 2020/01/08 v3.1.5b (3.1.5b)
) (c:/texlive/2020/texmf-dist/tex/generic/pgf/basiclayer/pgfcoreobjects.code.tex
File: pgfcoreobjects.code.tex 2020/01/08 v3.1.5b (3.1.5b)
) (c:/texlive/2020/texmf-dist/tex/generic/pgf/basiclayer/pgfcorepathprocessing.code.tex
File: pgfcorepathprocessing.code.tex 2020/01/08 v3.1.5b (3.1.5b)
) (c:/texlive/2020/texmf-dist/tex/generic/pgf/basiclayer/pgfcorearrows.code.tex
File: pgfcorearrows.code.tex 2020/01/08 v3.1.5b (3.1.5b)
\pgfarrowsep=\dimen190
) (c:/texlive/2020/texmf-dist/tex/generic/pgf/basiclayer/pgfcoreshade.code.tex
File: pgfcoreshade.code.tex 2020/01/08 v3.1.5b (3.1.5b)
\pgf@max=\dimen191
\pgf@sys@shading@range@num=\count281
\pgf@shadingcount=\count282
) (c:/texlive/2020/texmf-dist/tex/generic/pgf/basiclayer/pgfcoreimage.code.tex
File: pgfcoreimage.code.tex 2020/01/08 v3.1.5b (3.1.5b)
 (c:/texlive/2020/texmf-dist/tex/generic/pgf/basiclayer/pgfcoreexternal.code.tex
File: pgfcoreexternal.code.tex 2020/01/08 v3.1.5b (3.1.5b)
\pgfexternal@startupbox=\box60
)) (c:/texlive/2020/texmf-dist/tex/generic/pgf/basiclayer/pgfcorelayers.code.tex
File: pgfcorelayers.code.tex 2020/01/08 v3.1.5b (3.1.5b)
) (c:/texlive/2020/texmf-dist/tex/generic/pgf/basiclayer/pgfcoretransparency.code.tex
File: pgfcoretransparency.code.tex 2020/01/08 v3.1.5b (3.1.5b)
) (c:/texlive/2020/texmf-dist/tex/generic/pgf/basiclayer/pgfcorepatterns.code.tex
File: pgfcorepatterns.code.tex 2020/01/08 v3.1.5b (3.1.5b)
) (c:/texlive/2020/texmf-dist/tex/generic/pgf/basiclayer/pgfcorerdf.code.tex
File: pgfcorerdf.code.tex 2020/01/08 v3.1.5b (3.1.5b)
))) (c:/texlive/2020/texmf-dist/tex/generic/pgf/modules/pgfmoduleshapes.code.tex
File: pgfmoduleshapes.code.tex 2020/01/08 v3.1.5b (3.1.5b)
\pgfnodeparttextbox=\box61
) (c:/texlive/2020/texmf-dist/tex/generic/pgf/modules/pgfmoduleplot.code.tex
File: pgfmoduleplot.code.tex 2020/01/08 v3.1.5b (3.1.5b)
) (c:/texlive/2020/texmf-dist/tex/latex/pgf/compatibility/pgfcomp-version-0-65.sty
Package: pgfcomp-version-0-65 2020/01/08 v3.1.5b (3.1.5b)
\pgf@nodesepstart=\dimen192
\pgf@nodesepend=\dimen193
) (c:/texlive/2020/texmf-dist/tex/latex/pgf/compatibility/pgfcomp-version-1-18.sty
Package: pgfcomp-version-1-18 2020/01/08 v3.1.5b (3.1.5b)
)) (c:/texlive/2020/texmf-dist/tex/latex/pgf/utilities/pgffor.sty (c:/texlive/2020/texmf-dist/tex/latex/pgf/utilities/pgfkeys.sty (c:/texlive/2020/texmf-dist/tex/generic/pgf/utilities/pgfkeys.code.tex)) (c:/texlive/2020/texmf-dist/tex/latex/pgf/math/pgfmath.sty (c:/texlive/2020/texmf-dist/tex/generic/pgf/math/pgfmath.code.tex)) (c:/texlive/2020/texmf-dist/tex/generic/pgf/utilities/pgffor.code.tex
Package: pgffor 2020/01/08 v3.1.5b (3.1.5b)
 (c:/texlive/2020/texmf-dist/tex/generic/pgf/math/pgfmath.code.tex)
\pgffor@iter=\dimen194
\pgffor@skip=\dimen195
\pgffor@stack=\toks39
\pgffor@toks=\toks40
)) (c:/texlive/2020/texmf-dist/tex/generic/pgf/frontendlayer/tikz/tikz.code.tex
Package: tikz 2020/01/08 v3.1.5b (3.1.5b)
 (c:/texlive/2020/texmf-dist/tex/generic/pgf/libraries/pgflibraryplothandlers.code.tex
File: pgflibraryplothandlers.code.tex 2020/01/08 v3.1.5b (3.1.5b)
\pgf@plot@mark@count=\count283
\pgfplotmarksize=\dimen196
)
\tikz@lastx=\dimen197
\tikz@lasty=\dimen198
\tikz@lastxsaved=\dimen199
\tikz@lastysaved=\dimen256
\tikz@lastmovetox=\dimen257
\tikz@lastmovetoy=\dimen258
\tikzleveldistance=\dimen259
\tikzsiblingdistance=\dimen260
\tikz@figbox=\box62
\tikz@figbox@bg=\box63
\tikz@tempbox=\box64
\tikz@tempbox@bg=\box65
\tikztreelevel=\count284
\tikznumberofchildren=\count285
\tikznumberofcurrentchild=\count286
\tikz@fig@count=\count287
 (c:/texlive/2020/texmf-dist/tex/generic/pgf/modules/pgfmodulematrix.code.tex
File: pgfmodulematrix.code.tex 2020/01/08 v3.1.5b (3.1.5b)
\pgfmatrixcurrentrow=\count288
\pgfmatrixcurrentcolumn=\count289
\pgf@matrix@numberofcolumns=\count290
)
\tikz@expandcount=\count291
 (c:/texlive/2020/texmf-dist/tex/generic/pgf/frontendlayer/tikz/libraries/tikzlibrarytopaths.code.tex
File: tikzlibrarytopaths.code.tex 2020/01/08 v3.1.5b (3.1.5b)
))) (c:/texlive/2020/texmf-dist/tex/generic/pgfplots/pgfplots.code.tex (c:/texlive/2020/texmf-dist/tex/generic/pgfplots/pgfplotscore.code.tex
\t@pgfplots@toka=\toks41
\t@pgfplots@tokb=\toks42
\t@pgfplots@tokc=\toks43
\pgfplots@tmpa=\dimen261
\c@pgfplots@coordindex=\count292
\c@pgfplots@scanlineindex=\count293
 (c:/texlive/2020/texmf-dist/tex/generic/pgfplots/sys/pgfplotssysgeneric.code.tex)) (c:/texlive/2020/texmf-dist/tex/generic/pgfplots/libs/pgfplotslibrary.code.tex) (c:/texlive/2020/texmf-dist/tex/generic/pgfplots/oldpgfcompatib/pgfplotsoldpgfsupp_loader.code.tex (c:/texlive/2020/texmf-dist/tex/generic/pgf/libraries/pgflibraryfpu.code.tex)) (c:/texlive/2020/texmf-dist/tex/generic/pgfplots/util/pgfplotsutil.code.tex (c:/texlive/2020/texmf-dist/tex/generic/pgfplots/liststructure/pgfplotsliststructure.code.tex) (c:/texlive/2020/texmf-dist/tex/generic/pgfplots/liststructure/pgfplotsliststructureext.code.tex) (c:/texlive/2020/texmf-dist/tex/generic/pgfplots/liststructure/pgfplotsarray.code.tex
\c@pgfplotsarray@tmp=\count294
) (c:/texlive/2020/texmf-dist/tex/generic/pgfplots/liststructure/pgfplotsmatrix.code.tex) (c:/texlive/2020/texmf-dist/tex/generic/pgfplots/numtable/pgfplotstableshared.code.tex
\c@pgfplotstable@counta=\count295
\t@pgfplotstable@a=\toks44
) (c:/texlive/2020/texmf-dist/tex/generic/pgfplots/liststructure/pgfplotsdeque.code.tex) (c:/texlive/2020/texmf-dist/tex/generic/pgfplots/util/pgfplotsbinary.code.tex (c:/texlive/2020/texmf-dist/tex/generic/pgfplots/util/pgfplotsbinary.data.code.tex)) (c:/texlive/2020/texmf-dist/tex/generic/pgfplots/util/pgfplotsutil.verb.code.tex) (c:/texlive/2020/texmf-dist/tex/generic/pgfplots/libs/pgflibrarypgfplots.surfshading.code.tex
\c@pgfplotslibrarysurf@no=\count296
 (c:/texlive/2020/texmf-dist/tex/generic/pgfplots/sys/pgflibrarypgfplots.surfshading.pgfsys-pdftex.def))) (c:/texlive/2020/texmf-dist/tex/generic/pgfplots/util/pgfplotscolormap.code.tex (c:/texlive/2020/texmf-dist/tex/generic/pgfplots/util/pgfplotscolor.code.tex)) (c:/texlive/2020/texmf-dist/tex/generic/pgfplots/pgfplotsstackedplots.code.tex) (c:/texlive/2020/texmf-dist/tex/generic/pgfplots/pgfplotsplothandlers.code.tex (c:/texlive/2020/texmf-dist/tex/generic/pgfplots/pgfplotsmeshplothandler.code.tex (c:/texlive/2020/texmf-dist/tex/generic/pgfplots/pgfplotsmeshplotimage.code.tex))) (c:/texlive/2020/texmf-dist/tex/generic/pgfplots/pgfplots.scaling.code.tex) (c:/texlive/2020/texmf-dist/tex/generic/pgfplots/pgfplotscoordprocessing.code.tex) (c:/texlive/2020/texmf-dist/tex/generic/pgfplots/pgfplots.errorbars.code.tex) (c:/texlive/2020/texmf-dist/tex/generic/pgfplots/pgfplots.markers.code.tex) (c:/texlive/2020/texmf-dist/tex/generic/pgfplots/pgfplotsticks.code.tex) (c:/texlive/2020/texmf-dist/tex/generic/pgfplots/pgfplots.paths.code.tex) (c:/texlive/2020/texmf-dist/tex/generic/pgf/frontendlayer/tikz/libraries/tikzlibrarydecorations.code.tex (c:/texlive/2020/texmf-dist/tex/generic/pgf/modules/pgfmoduledecorations.code.tex
\pgfdecoratedcompleteddistance=\dimen262
\pgfdecoratedremainingdistance=\dimen263
\pgfdecoratedinputsegmentcompleteddistance=\dimen264
\pgfdecoratedinputsegmentremainingdistance=\dimen265
\pgf@decorate@distancetomove=\dimen266
\pgf@decorate@repeatstate=\count297
\pgfdecorationsegmentamplitude=\dimen267
\pgfdecorationsegmentlength=\dimen268
)
\tikz@lib@dec@box=\box66
) (c:/texlive/2020/texmf-dist/tex/generic/pgf/frontendlayer/tikz/libraries/tikzlibrarydecorations.pathmorphing.code.tex (c:/texlive/2020/texmf-dist/tex/generic/pgf/libraries/decorations/pgflibrarydecorations.pathmorphing.code.tex)) (c:/texlive/2020/texmf-dist/tex/generic/pgf/frontendlayer/tikz/libraries/tikzlibrarydecorations.pathreplacing.code.tex (c:/texlive/2020/texmf-dist/tex/generic/pgf/libraries/decorations/pgflibrarydecorations.pathreplacing.code.tex))
\pgfplots@numplots=\count298
\pgfplots@xmin@reg=\dimen269
\pgfplots@xmax@reg=\dimen270
\pgfplots@ymin@reg=\dimen271
\pgfplots@ymax@reg=\dimen272
\pgfplots@zmin@reg=\dimen273
\pgfplots@zmax@reg=\dimen274
) (c:/texlive/2020/texmf-dist/tex/generic/pgf/frontendlayer/tikz/libraries/tikzlibraryplotmarks.code.tex
File: tikzlibraryplotmarks.code.tex 2020/01/08 v3.1.5b (3.1.5b)
 (c:/texlive/2020/texmf-dist/tex/generic/pgf/libraries/pgflibraryplotmarks.code.tex
File: pgflibraryplotmarks.code.tex 2020/01/08 v3.1.5b (3.1.5b)
)))
\c@theorem=\count299
\c@lemma=\count300
\c@corollary=\count301
\c@example=\count302
 (c:/texlive/2020/texmf-dist/tex/latex/cjk/texinput/extended.enc
File: extended.enc 2015/04/18 4.8.4
) (c:/texlive/2020/texmf-dist/tex/latex/cjk/texinput/extended.chr
File: extended.chr 2015/04/18 4.8.4
) (c:/code/LaTex/ж•°еӯҰеҲҶжһҗ/ж•°еӯҰеҲҶжһҗ.aux)
\openout1 = `ж•°еӯҰеҲҶжһҗ.aux'.

LaTeX Font Info:    Checking defaults for OML/cmm/m/it on input line 100.
LaTeX Font Info:    ... okay on input line 100.
LaTeX Font Info:    Checking defaults for OMS/cmsy/m/n on input line 100.
LaTeX Font Info:    ... okay on input line 100.
LaTeX Font Info:    Checking defaults for OT1/cmr/m/n on input line 100.
LaTeX Font Info:    ... okay on input line 100.
LaTeX Font Info:    Checking defaults for T1/cmr/m/n on input line 100.
LaTeX Font Info:    ... okay on input line 100.
LaTeX Font Info:    Checking defaults for TS1/cmr/m/n on input line 100.
LaTeX Font Info:    ... okay on input line 100.
LaTeX Font Info:    Checking defaults for OMX/cmex/m/n on input line 100.
LaTeX Font Info:    ... okay on input line 100.
LaTeX Font Info:    Checking defaults for U/cmr/m/n on input line 100.
LaTeX Font Info:    ... okay on input line 100.
LaTeX Font Info:    Checking defaults for C00/song/m/n on input line 100.
LaTeX Font Info:    ... okay on input line 100.
LaTeX Font Info:    Checking defaults for C05/song/m/n on input line 100.
LaTeX Font Info:    ... okay on input line 100.
LaTeX Font Info:    Checking defaults for C09/song/m/n on input line 100.
LaTeX Font Info:    ... okay on input line 100.
LaTeX Font Info:    Checking defaults for C10/song/m/n on input line 100.
LaTeX Font Info:    ... okay on input line 100.
LaTeX Font Info:    Checking defaults for C20/song/m/n on input line 100.
LaTeX Font Info:    ... okay on input line 100.
LaTeX Font Info:    Checking defaults for C19/song/m/n on input line 100.
LaTeX Font Info:    ... okay on input line 100.
LaTeX Font Info:    Checking defaults for C40/song/m/n on input line 100.
LaTeX Font Info:    ... okay on input line 100.
LaTeX Font Info:    Checking defaults for C42/song/m/n on input line 100.
LaTeX Font Info:    ... okay on input line 100.
LaTeX Font Info:    Checking defaults for C43/song/m/n on input line 100.
LaTeX Font Info:    ... okay on input line 100.
LaTeX Font Info:    Checking defaults for C50/song/m/n on input line 100.
LaTeX Font Info:    ... okay on input line 100.
LaTeX Font Info:    Checking defaults for C52/song/m/n on input line 100.
LaTeX Font Info:    ... okay on input line 100.
LaTeX Font Info:    Checking defaults for C49/song/m/n on input line 100.
LaTeX Font Info:    ... okay on input line 100.
LaTeX Font Info:    Checking defaults for C60/mj/m/n on input line 100.
LaTeX Font Info:    ... okay on input line 100.
LaTeX Font Info:    Checking defaults for C61/mj/m/n on input line 100.
LaTeX Font Info:    ... okay on input line 100.
LaTeX Font Info:    Checking defaults for C63/mj/m/n on input line 100.
LaTeX Font Info:    ... okay on input line 100.
LaTeX Font Info:    Checking defaults for C64/mj/m/n on input line 100.
LaTeX Font Info:    ... okay on input line 100.
LaTeX Font Info:    Checking defaults for C65/mj/m/n on input line 100.
LaTeX Font Info:    ... okay on input line 100.
LaTeX Font Info:    Checking defaults for C70/song/m/n on input line 100.
LaTeX Font Info:    ... okay on input line 100.
LaTeX Font Info:    Checking defaults for C31/song/m/n on input line 100.
LaTeX Font Info:    ... okay on input line 100.
LaTeX Font Info:    Checking defaults for C32/song/m/n on input line 100.
LaTeX Font Info:    ... okay on input line 100.
LaTeX Font Info:    Checking defaults for C33/song/m/n on input line 100.
LaTeX Font Info:    ... okay on input line 100.
LaTeX Font Info:    Checking defaults for C34/song/m/n on input line 100.
LaTeX Font Info:    ... okay on input line 100.
LaTeX Font Info:    Checking defaults for C35/song/m/n on input line 100.
LaTeX Font Info:    ... okay on input line 100.
LaTeX Font Info:    Checking defaults for C36/song/m/n on input line 100.
LaTeX Font Info:    ... okay on input line 100.
LaTeX Font Info:    Checking defaults for C37/song/m/n on input line 100.
LaTeX Font Info:    ... okay on input line 100.
LaTeX Font Info:    Checking defaults for C80/song/m/n on input line 100.
LaTeX Font Info:    ... okay on input line 100.
LaTeX Font Info:    Checking defaults for C81/song/m/n on input line 100.
LaTeX Font Info:    ... okay on input line 100.
LaTeX Font Info:    Checking defaults for C01/song/m/n on input line 100.
LaTeX Font Info:    ... okay on input line 100.
LaTeX Font Info:    Checking defaults for C11/song/m/n on input line 100.
LaTeX Font Info:    ... okay on input line 100.
LaTeX Font Info:    Checking defaults for C21/song/m/n on input line 100.
LaTeX Font Info:    ... okay on input line 100.
LaTeX Font Info:    Checking defaults for C41/song/m/n on input line 100.
LaTeX Font Info:    ... okay on input line 100.
LaTeX Font Info:    Checking defaults for C62/song/m/n on input line 100.
LaTeX Font Info:    ... okay on input line 100.
 (c:/texlive/2020/texmf-dist/tex/context/base/mkii/supp-pdf.mkii
[Loading MPS to PDF converter (version 2006.09.02).]
\scratchcounter=\count303
\scratchdimen=\dimen275
\scratchbox=\box67
\nofMPsegments=\count304
\nofMParguments=\count305
\everyMPshowfont=\toks45
\MPscratchCnt=\count306
\MPscratchDim=\dimen276
\MPnumerator=\count307
\makeMPintoPDFobject=\count308
\everyMPtoPDFconversion=\toks46
) (c:/texlive/2020/texmf-dist/tex/latex/epstopdf-pkg/epstopdf-base.sty
Package: epstopdf-base 2020-01-24 v2.11 Base part for package epstopdf
Package epstopdf-base Info: Redefining graphics rule for `.eps' on input line 485.
 (c:/texlive/2020/texmf-dist/tex/latex/latexconfig/epstopdf-sys.cfg
File: epstopdf-sys.cfg 2010/07/13 v1.3 Configuration of (r)epstopdf for TeX Live
)) ABD: EverySelectfont initializing macros
LaTeX Info: Redefining \selectfont on input line 100.
 ABD: EveryShipout initializing macros

Package pgfplots Warning: running in backwards compatibility mode (unsuitable tick labels; missing features). Consider writing \pgfplotsset{compat=1.17} into your preamble.
 on input line 100.

(c:/texlive/2020/texmf-dist/tex/latex/cjk/texinput/UTF8/UTF8.bdg
File: UTF8.bdg 2015/04/18 4.8.4
) (c:/texlive/2020/texmf-dist/tex/latex/cjk/texinput/UTF8/UTF8.enc
File: UTF8.enc 2015/04/18 4.8.4
) (c:/texlive/2020/texmf-dist/tex/latex/cjk/texinput/UTF8/UTF8.chr
File: UTF8.chr 2015/04/18 4.8.4
)
LaTeX Font Info:    Trying to load font information for C70+gkai on input line 102.
 (c:/texlive/2020/texmf-dist/tex/latex/cjk/texinput/UTF8/c70gkai.fd
File: c70gkai.fd 2015/04/18 4.8.4
) (c:/texlive/2020/texmf-dist/tex/latex/cjk/texinput/UTF8/c70gkai.fdx
File: c70gkai.fdx 2015/04/18 4.8.4
)
LaTeX Font Info:    Trying to load font information for U+msa on input line 102.
 (c:/texlive/2020/texmf-dist/tex/latex/amsfonts/umsa.fd
File: umsa.fd 2013/01/14 v3.01 AMS symbols A
)
LaTeX Font Info:    Trying to load font information for U+msb on input line 102.
 (c:/texlive/2020/texmf-dist/tex/latex/amsfonts/umsb.fd
File: umsb.fd 2013/01/14 v3.01 AMS symbols B
)
LaTeX Font Info:    Trying to load font information for C70+rm on input line 104.
 (c:/texlive/2020/texmf-dist/tex/latex/ctex/fd/c70rm.fd
File: c70rm.fd 2019/05/29 v2.4.16 Chinese font definition (CTEX)
)
Package CJKpunct Info: punctuation spaces for family 'gkai' do not exist. Use family 'def' instead. on input line 105.

Underfull \hbox (badness 10000) in paragraph at lines 105--117

 []

[1

]
Underfull \hbox (badness 10000) in paragraph at lines 123--124

 []


Underfull \hbox (badness 10000) in paragraph at lines 125--131

 []

Package CJKpunct Info: use punctuation spaces for family 'rm' with punctstyle (quanjiao) on input line 135.
[2]
Underfull \hbox (badness 10000) in paragraph at lines 145--146

 []


Underfull \hbox (badness 10000) in paragraph at lines 147--148

 []


Underfull \hbox (badness 10000) in paragraph at lines 151--153

 []

[3]
Underfull \hbox (badness 10000) in paragraph at lines 159--161

 []

[4] [5]
Underfull \hbox (badness 10000) in paragraph at lines 183--184

 []


Underfull \hbox (badness 10000) in paragraph at lines 194--196

 []

[6]
Underfull \hbox (badness 10000) in paragraph at lines 208--210

 []

Package CJKpunct Info: use punctuation spaces for family 'zhkai' with punctstyle (quanjiao) on input line 212.

Underfull \hbox (badness 10000) in paragraph at lines 213--215

 []


Underfull \hbox (badness 10000) in paragraph at lines 220--221

 []


Underfull \hbox (badness 10000) in paragraph at lines 223--230

 []


Underfull \hbox (badness 10000) in paragraph at lines 232--233

 []

[7]
Missing character: There is no · in font cmr10!
Missing character: There is no · in font cmr10!
 [8]
Underfull \hbox (badness 10000) in paragraph at lines 254--256

 []


Underfull \hbox (badness 10000) in paragraph at lines 263--264

 []


Overfull \hbox (23.20343pt too wide) in paragraph at lines 276--280
[]\C70/rm/bx/n/10.53937/5b ҡ \C70/rm/bx/n/10.53937/74 ^^F \OT1/cmr/bx/n/10.53937 2.2.3. []\C70/rm/m/it/10.53937/8b ҫ$\OMS/cmsy/m/n/10.53937 f\OML/cmm/m/it/10.53937 x[]\OMS/cmsy/m/n/10.53937 g$\C70/rm/m/it/10.53937/66 / \C70/rm/m/it/10.53937/5b һ \C70/rm/m/it/10.53937/65 p \C70/rm/m/it/10.53937/5e Ҹ \C70/rm/m/it/10.53937/52 ^^W|\C70/rm/m/it/10.53937/ff ^^L| $\OML/cmm/m/it/10.53937 a$\C70/rm/m/it/10.53937/66 / \C70/rm/m/it/10.53937/5b һ \C70/rm/m/it/10.53937/65 p|\C70/rm/m/it/10.53937/ff ^^L| \C70/rm/m/it/10.53937/52 ^^Y \C70/rm/m/it/10.53937/4e  \C70/rm/m/it/10.53937/52 ^^W \C70/rm/m/it/10.53937/4e 	 \C70/rm/m/it/10.53937/96 H \C70/rm/m/it/10.53937/8f р \C70/rm/m/it/10.53937/7b I \C70/rm/m/it/10.53937/4e ч \OT1/cmr/m/it/10.53937 (1)\C70/rm/m/it/10.53937/5e Ҹ \C70/rm/m/it/10.53937/52 ^^W$\OMS/cmsy/m/n/10.53937 f\OML/cmm/m/it/10.53937 x[]\OMS/cmsy/m/n/10.53937 g$\C70/rm/m/it/10.53937/4e е$\OML/cmm/m/it/10.53937 a$\C70/rm/m/it/10.53937/4e :
 []


Underfull \hbox (badness 10000) in paragraph at lines 284--285

 []

[9]
Underfull \hbox (badness 10000) in paragraph at lines 287--293

 []


Underfull \hbox (badness 10000) in paragraph at lines 297--298

 []


Underfull \hbox (badness 10000) in paragraph at lines 310--311

 []


Underfull \hbox (badness 10000) in paragraph at lines 312--313

 []


Underfull \hbox (badness 10000) in paragraph at lines 314--316

 []


Underfull \hbox (badness 10000) in paragraph at lines 317--321

 []

[10]
Underfull \hbox (badness 10000) in paragraph at lines 321--322

 []


Underfull \hbox (badness 10000) in paragraph at lines 323--324

 []


Underfull \hbox (badness 10000) in paragraph at lines 325--326

 []


Underfull \hbox (badness 10000) in paragraph at lines 327--328

 []


Underfull \hbox (badness 10000) in paragraph at lines 329--330

 []


Underfull \hbox (badness 10000) in paragraph at lines 337--338

 []


Underfull \hbox (badness 10000) in paragraph at lines 339--341

 []


Underfull \hbox (badness 10000) in paragraph at lines 344--345

 []

[11]
Underfull \hbox (badness 10000) in paragraph at lines 352--353

 []


Underfull \hbox (badness 10000) in paragraph at lines 358--359

 []


Underfull \hbox (badness 10000) in paragraph at lines 365--366

 []


Underfull \hbox (badness 10000) in paragraph at lines 366--367

 []


Underfull \hbox (badness 10000) in paragraph at lines 368--369

 []


Underfull \hbox (badness 10000) in paragraph at lines 370--371

 []

[12]
Underfull \hbox (badness 10000) in paragraph at lines 391--392

 []


Underfull \hbox (badness 10000) in paragraph at lines 399--401

 []

[13]
Underfull \hbox (badness 10000) in paragraph at lines 432--433

 []

[14]
Underfull \hbox (badness 10000) in paragraph at lines 441--451

 []

[15]
Overfull \hbox (1.12466pt too wide) in paragraph at lines 456--458
\C70/gkai/m/n/10.53937/82 е \C70/gkai/m/n/10.53937/51 э \C70/gkai/bx/n/10.53937/65 p$\OML/cmm/m/it/10.53937 f\OT1/cmr/m/n/10.53937 (\OML/cmm/m/it/10.53937 x\OT1/cmr/m/n/10.53937 )$\C70/gkai/m/n/10.53937/57 ($\OML/cmm/m/it/10.53937 x[]$\C70/gkai/m/n/10.53937/76 „ \C70/gkai/m/n/10.53937/90 » \C70/gkai/m/n/10.53937/57 Я$\OML/cmm/m/it/10.53937 U\OT1/cmr/m/n/10.53937 (\OML/cmm/m/it/10.53937 x[]; ^^Q\OT1/cmr/m/n/10.53937 )$\C70/gkai/m/n/10.53937/4e 
 \C70/gkai/m/n/10.53937/67 	 \C70/gkai/m/n/10.53937/5b ҡ \C70/gkai/m/n/10.53937/4e I|\C70/gkai/m/n/10.53937/ff ^^L| \C70/gkai/bx/n/10.53937/59 Ӯ \C70/gkai/m/n/10.53937/67 ң \C70/gkai/m/n/10.53937/5b щ \C70/gkai/m/n/10.53937/4e Һ ы \C70/gkai/m/n/10.53937/4f U \C70/gkai/bx/n/10.53937/5e Ҹ \C70/gkai/bx/n/10.53937/52 ^^W$\OMS/cmsy/m/n/10.53937 f\OML/cmm/m/it/10.53937 x[]\OMS/cmsy/m/n/10.53937 g$\C70/gkai/m/n/10.53937/6e б \C70/gkai/m/n/10.53937/8d і$\OML/cmm/m/it/10.53937 x[] \OMS/cmsy/m/n/10.53937 !
 []


Underfull \hbox (badness 10000) in paragraph at lines 456--458

 []


Underfull \hbox (badness 10000) in paragraph at lines 458--460

 []


Underfull \hbox (badness 10000) in paragraph at lines 462--464

 []


Underfull \hbox (badness 10000) in paragraph at lines 464--466

 []


Underfull \hbox (badness 10000) in paragraph at lines 467--468

 []


Underfull \hbox (badness 10000) in paragraph at lines 474--475

 []


Underfull \hbox (badness 10000) in paragraph at lines 476--478

 []


Underfull \hbox (badness 10000) in paragraph at lines 478--479

 []

[16]
Underfull \hbox (badness 10000) in paragraph at lines 480--481

 []


Underfull \hbox (badness 10000) in paragraph at lines 483--484

 []


Underfull \hbox (badness 10000) in paragraph at lines 486--487

 []


Overfull \hbox (0.1681pt too wide) in paragraph at lines 487--490
\C70/rm/m/it/10.53937/59 Ӯ \C70/rm/m/it/10.53937/67 ң$\OML/cmm/m/it/10.53937 f\OT1/cmr/m/n/10.53937 (\OML/cmm/m/it/10.53937 x\OT1/cmr/m/n/10.53937 )$\C70/rm/m/it/10.53937/66 / \C70/rm/m/it/10.53937/5e 8 \C70/rm/m/it/10.53937/50 < \C70/rm/m/it/10.53937/51 э \C70/rm/m/it/10.53937/65 p$\OML/cmm/m/it/10.53937 f\OT1/cmr/m/n/10.53937 (\OML/cmm/m/it/10.53937 x\OT1/cmr/m/n/10.53937 ) \OMS/cmsy/m/n/10.53937 ^^Q \OML/cmm/m/it/10.53937 A; g\OT1/cmr/m/n/10.53937 (\OML/cmm/m/it/10.53937 x[]\OT1/cmr/m/n/10.53937 ) = \OML/cmm/m/it/10.53937 A$|\C70/rm/m/it/10.53937/ff ^^L| \C70/rm/m/it/10.53937/52 ^^Y \C70/rm/m/it/10.53937/5b X \C70/rm/m/it/10.53937/57 ($\OML/cmm/m/it/10.53937 ^^N > \OT1/cmr/m/n/10.53937 0$|\C70/rm/m/it/10.53937/ff ^^L| \C70/rm/m/it/10.53937/4f ^^? \C70/rm/m/it/10.53937/5f —$\OMS/cmsy/m/n/10.53937 8\OML/cmm/m/it/10.53937 x \OMS/cmsy/m/n/10.53937 2 \OML/cmm/m/it/10.53937 U\OT1/cmr/m/n/10.53937 (\OML/cmm/m/it/10.53937 x[]; ^^N\OT1/cmr/m/n/10.53937 )$ 
 []


Underfull \hbox (badness 10000) in paragraph at lines 487--490

 []


Underfull \hbox (badness 10000) in paragraph at lines 492--494

 []

[17]
Overfull \hbox (16.07396pt too wide) in paragraph at lines 513--516
\C70/rm/m/it/10.53937/82 е \C70/rm/m/it/10.53937/51 э \C70/rm/m/it/10.53937/65 p$\OML/cmm/m/it/10.53937 f\OT1/cmr/m/n/10.53937 (\OML/cmm/m/it/10.53937 x\OT1/cmr/m/n/10.53937 )$\C70/rm/m/it/10.53937/57 ( \C70/rm/m/it/10.53937/53 : \C70/rm/m/it/10.53937/95 ф$\OT1/cmr/m/n/10.53937 [\OML/cmm/m/it/10.53937 a; b\OT1/cmr/m/n/10.53937 ]$\C70/rm/bx/it/10.53937/4e 
 \C70/rm/m/it/10.53937/8f Ю \C70/rm/m/it/10.53937/7e н|\C70/rm/m/it/10.53937/ff ^^L| \C70/rm/m/it/10.53937/52 ^^Y \C70/rm/bx/it/10.53937/5b щ \C70/rm/bx/it/10.53937/4e Һ$\OMS/cmsy/m/n/10.53937 8\OML/cmm/m/it/10.53937 ^^M \OMS/cmsy/m/n/10.53937 2 \OT1/cmr/m/n/10.53937 [[][] \OML/cmm/m/it/10.53937 f\OT1/cmr/m/n/10.53937 (\OML/cmm/m/it/10.53937 x\OT1/cmr/m/n/10.53937 )\OML/cmm/m/it/10.53937 ; [][] f\OT1/cmr/m/n/10.53937 (\OML/cmm/m/it/10.53937 x\OT1/cmr/m/n/10.53937 )]\OML/cmm/m/it/10.53937 ; \OMS/cmsy/m/n/10.53937 9\OML/cmm/m/it/10.53937 c \OMS/cmsy/m/n/10.53937 2
 []


Underfull \hbox (badness 10000) in paragraph at lines 525--526

 []


Underfull \hbox (badness 10000) in paragraph at lines 527--529

 []


Underfull \hbox (badness 10000) in paragraph at lines 534--536

 []


Underfull \hbox (badness 10000) in paragraph at lines 538--539

 []

[18]
Underfull \hbox (badness 10000) in paragraph at lines 553--554

 []


Underfull \hbox (badness 10000) in paragraph at lines 559--561

 []


Underfull \hbox (badness 10000) in paragraph at lines 563--564

 []


Underfull \hbox (badness 10000) in paragraph at lines 565--568

 []


Overfull \hbox (10.05853pt too wide) in paragraph at lines 576--577
[]\C70/rm/bx/n/10.53937/5b ҡ \C70/rm/bx/n/10.53937/74 ^^F \OT1/cmr/bx/n/10.53937 3.3.3. []\C70/rm/m/it/10.53937/82 е \C70/rm/m/it/10.53937/51 э \C70/rm/m/it/10.53937/65 p$\OML/cmm/m/it/10.53937 f$\C70/rm/m/it/10.53937/57 ( \C70/rm/m/it/10.53937/53 : \C70/rm/m/it/10.53937/95 ф$\OML/cmm/m/it/10.53937 I$\C70/rm/bx/it/10.53937/4e 
 % \C70/rm/m/it/10.53937/68 < \C70/rm/m/it/10.53937/53 U \C70/rm/m/it/10.53937/8c ^^C \C70/rm/bx/it/10.53937/4e ^^T \C70/rm/m/it/10.53937/8f Ю \C70/rm/m/it/10.53937/7e н|\C70/rm/m/it/10.53937/ff ^^L| \C70/rm/m/it/10.53937/52 ^^Y \C70/rm/m/it/10.53937/51 v \C70/rm/m/it/10.53937/53 Н \C70/rm/m/it/10.53937/51 э \C70/rm/m/it/10.53937/65 p$\OML/cmm/m/it/10.53937 g \OT1/cmr/m/n/10.53937 = \OML/cmm/m/it/10.53937 f[]$\C70/rm/m/it/10.53937/57 ($\OML/cmm/m/it/10.53937 f\OT1/cmr/m/n/10.53937 (\OML/cmm/m/it/10.53937 I\OT1/cmr/m/n/10.53937 )$\C70/rm/bx/it/10.53937/4e 

 []


Underfull \hbox (badness 10000) in paragraph at lines 576--577

 []

[19]
Underfull \hbox (badness 10000) in paragraph at lines 580--582

 []


Underfull \hbox (badness 10000) in paragraph at lines 584--586

 []


Underfull \hbox (badness 10000) in paragraph at lines 592--595

 []


Underfull \hbox (badness 10000) in paragraph at lines 604--605

 []

[20]
Underfull \hbox (badness 10000) in paragraph at lines 607--608

 []


Underfull \hbox (badness 10000) in paragraph at lines 610--611

 []


Underfull \hbox (badness 10000) in paragraph at lines 624--625

 []


Underfull \hbox (badness 10000) in paragraph at lines 626--634

 []

[21]
Underfull \hbox (badness 10000) in paragraph at lines 635--636

 []


Underfull \hbox (badness 10000) in paragraph at lines 650--652

 []


Underfull \hbox (badness 10000) in paragraph at lines 654--655

 []


Overfull \hbox (4.50352pt too wide) in paragraph at lines 656--659
[]\C70/gkai/m/n/10.53937/62 ^^Q \C70/gkai/bx/n/10.53937/4e м \C70/gkai/m/n/10.53937/91 Н \C70/gkai/bx/n/10.53937/65 ° \C70/gkai/m/n/10.53937/56 Ю \C70/gkai/m/n/10.53937/67 e \C70/gkai/m/n/10.53937/80 ^^C \C70/gkai/m/n/10.53937/86 Q$\OML/cmm/m/it/10.53937 x > x[]$\C70/gkai/m/n/10.53937/76 „ \C70/gkai/m/n/10.53937/60 Е \C70/gkai/bx/n/10.53937/51 ө|\C70/gkai/m/n/10.53937/ff ^^L| \C70/gkai/m/n/10.53937/5b щ \C70/gkai/bx/n/10.53937/4e Һ Е \C70/gkai/bx/n/10.53937/52 i \C70/gkai/m/n/10.53937/76 „ \C70/gkai/bx/n/10.53937/53 п \C70/gkai/m/n/10.53937/80 э|\C70/gkai/m/n/10.53937/ff ^^Z| \C70/gkai/m/n/10.53937/5b щ$\OMS/cmsy/m/n/10.53937 8\OML/cmm/m/it/10.53937 x > x[]$\C70/gkai/m/n/10.53937/67 	$\OML/cmm/m/it/10.53937 f\OT1/cmr/m/n/10.53937 (\OML/cmm/m/it/10.53937 x\OT1/cmr/m/n/10.53937 ) \OML/cmm/m/it/10.53937 <
 []

[22]
Underfull \hbox (badness 10000) in paragraph at lines 659--662

 []

[23]
LaTeX Font Info:    Trying to load font information for C70+zhhei on input line 665.
 (c:/texlive/2020/texmf-dist/tex/latex/zhmetrics/c70zhhei.fd
File: c70zhhei.fd 2009/09/23 4.8.2
)
LaTeX Font Info:    Trying to load font information for C70+zhkai on input line 666.
 (c:/texlive/2020/texmf-dist/tex/latex/zhmetrics/c70zhkai.fd
File: c70zhkai.fd 2009/09/23 4.8.2
) [24] [25] [26] [27]
Underfull \hbox (badness 10000) in paragraph at lines 837--838

 []


Underfull \hbox (badness 10000) in paragraph at lines 847--850

 []


Underfull \hbox (badness 10000) in paragraph at lines 852--853

 []


Underfull \hbox (badness 10000) in paragraph at lines 855--856

 []

[28]
Underfull \hbox (badness 10000) in paragraph at lines 871--873

 []


Underfull \hbox (badness 10000) in paragraph at lines 875--877

 []


Underfull \hbox (badness 10000) in paragraph at lines 878--879

 []


Underfull \hbox (badness 10000) in paragraph at lines 883--885

 []


Underfull \hbox (badness 10000) in paragraph at lines 886--887

 []


Underfull \hbox (badness 10000) in paragraph at lines 888--889

 []

[29]
Underfull \hbox (badness 10000) in paragraph at lines 890--891

 []


Overfull \hbox (49.32092pt too wide) in paragraph at lines 892--893
[]\C70/zhkai/m/n/10.53937/8b ҫ \C70/zhkai/m/n/10.53937/51 э \C70/zhkai/m/n/10.53937/65 p$\OML/cmm/m/it/10.53937 f$\C70/zhkai/m/n/10.53937/57 ( \C70/rm/m/it/10.53937/70 № $\OML/cmm/m/it/10.53937 x[]$\C70/zhkai/m/n/10.53937/76 „ \C70/zhkai/m/n/10.53937/67 Р \C70/rm/m/it/10.53937/90 » \C70/zhkai/m/n/10.53937/57 Я $\OML/cmm/m/it/10.53937 U\OT1/cmr/m/n/10.53937 (\OML/cmm/m/it/10.53937 x[]\OT1/cmr/m/n/10.53937 )$\C70/zhkai/m/n/10.53937/51 … \C70/rm/bx/it/10.53937/8f Ю \C70/rm/bx/it/10.53937/7e н|\C70/rm/m/it/10.53937/ff ^^L| \C70/zhkai/m/n/10.53937/57 ( $\OML/cmm/m/it/10.53937 U[]\OT1/cmr/m/n/10.53937 (\OML/cmm/m/it/10.53937 x[]\OT1/cmr/m/n/10.53937 )$\C70/zhkai/m/n/10.53937/51 … \C70/rm/bx/it/10.53937/53 п \C70/zhkai/m/n/10.53937/5b ь|\C70/rm/m/it/10.53937/ff ^^L| \C70/zhkai/m/n/10.53937/4e ^^T \C70/zhkai/m/n/10.53937/67 Ғ \C70/zhkai/m/n/10.53937/96 P$[][] \OML/cmm/m/it/10.53937 f[]\OT1/cmr/m/n/10.53937 (\OML/cmm/m/it/10.53937 x\OT1/cmr/m/n/10.53937 )$\C70/zhkai/m/n/10.53937/5b X
 []


Underfull \hbox (badness 10000) in paragraph at lines 892--893

 []


Underfull \hbox (badness 10000) in paragraph at lines 901--905

 []

[30]
Underfull \hbox (badness 10000) in paragraph at lines 931--932

 []

[31]
Underfull \hbox (badness 10000) in paragraph at lines 983--984

 []


Overfull \hbox (27.65541pt too wide) detected at line 986
\OML/cmm/m/it/10.53937 f\OT1/cmr/m/n/10.53937 (\OML/cmm/m/it/10.53937 x\OT1/cmr/m/n/10.53937 ) = \OML/cmm/m/it/10.53937 f\OT1/cmr/m/n/10.53937 (\OML/cmm/m/it/10.53937 x[]\OT1/cmr/m/n/10.53937 ) + \OML/cmm/m/it/10.53937 f[]\OT1/cmr/m/n/10.53937 (\OML/cmm/m/it/10.53937 x[]\OT1/cmr/m/n/10.53937 )(\OML/cmm/m/it/10.53937 x \OMS/cmsy/m/n/10.53937 ^^@ \OML/cmm/m/it/10.53937 x[]\OT1/cmr/m/n/10.53937 ) + [](\OML/cmm/m/it/10.53937 x \OMS/cmsy/m/n/10.53937 ^^@ \OML/cmm/m/it/10.53937 x[]\OT1/cmr/m/n/10.53937 )[] + [] + [](\OML/cmm/m/it/10.53937 x \OMS/cmsy/m/n/10.53937 ^^@ \OML/cmm/m/it/10.53937 x[]\OT1/cmr/m/n/10.53937 )[] + \OML/cmm/m/it/10.53937 o\OT1/cmr/m/n/10.53937 ((\OML/cmm/m/it/10.53937 x \OMS/cmsy/m/n/10.53937 ^^@ \OML/cmm/m/it/10.53937 x[]\OT1/cmr/m/n/10.53937 )[])
 []

[32]
Overfull \hbox (68.28041pt too wide) detected at line 1001
\OML/cmm/m/it/10.53937 f\OT1/cmr/m/n/10.53937 (\OML/cmm/m/it/10.53937 x\OT1/cmr/m/n/10.53937 ) = \OML/cmm/m/it/10.53937 f\OT1/cmr/m/n/10.53937 (\OML/cmm/m/it/10.53937 x[]\OT1/cmr/m/n/10.53937 ) + \OML/cmm/m/it/10.53937 f[]\OT1/cmr/m/n/10.53937 (\OML/cmm/m/it/10.53937 x[]\OT1/cmr/m/n/10.53937 )(\OML/cmm/m/it/10.53937 x \OMS/cmsy/m/n/10.53937 ^^@ \OML/cmm/m/it/10.53937 x[]\OT1/cmr/m/n/10.53937 ) + [](\OML/cmm/m/it/10.53937 x \OMS/cmsy/m/n/10.53937 ^^@ \OML/cmm/m/it/10.53937 x[]\OT1/cmr/m/n/10.53937 )[] + [] + [](\OML/cmm/m/it/10.53937 x \OMS/cmsy/m/n/10.53937 ^^@ \OML/cmm/m/it/10.53937 x[]\OT1/cmr/m/n/10.53937 )[] + [](\OML/cmm/m/it/10.53937 x \OMS/cmsy/m/n/10.53937 ^^@ \OML/cmm/m/it/10.53937 x[]\OT1/cmr/m/n/10.53937 )[]
 []


Underfull \hbox (badness 10000) in paragraph at lines 1004--1005

 []


Underfull \hbox (badness 10000) in paragraph at lines 1006--1008

 []


Underfull \hbox (badness 10000) in paragraph at lines 1009--1010

 []


Underfull \hbox (badness 10000) in paragraph at lines 1012--1013

 []

[33]
Overfull \hbox (92.10658pt too wide) detected at line 1044
[][]
 []


Underfull \hbox (badness 10000) in paragraph at lines 1051--1053

 []

[34]
Underfull \hbox (badness 10000) in paragraph at lines 1054--1056

 []


Underfull \hbox (badness 10000) in paragraph at lines 1057--1058

 []


Underfull \hbox (badness 10000) in paragraph at lines 1068--1069

 []


Underfull \hbox (badness 10000) in paragraph at lines 1079--1081

 []

[35]
Underfull \hbox (badness 10000) in paragraph at lines 1112--1116

 []


Underfull \hbox (badness 10000) in paragraph at lines 1118--1123

 []


Underfull \hbox (badness 10000) in paragraph at lines 1125--1126

 []

[36]
Underfull \hbox (badness 10000) in paragraph at lines 1143--1145

 []


Underfull \hbox (badness 10000) in paragraph at lines 1146--1149

 []


Underfull \hbox (badness 10000) in paragraph at lines 1164--1165

 []


Underfull \hbox (badness 10000) in paragraph at lines 1166--1167

 []

[37]
Underfull \hbox (badness 10000) in paragraph at lines 1206--1207

 []


Overfull \hbox (24.87318pt too wide) in paragraph at lines 1208--1210
[]\C70/zhhei/m/n/10.53937/5b ҡ \C70/rm/bx/n/10.53937/74 ^^F \OT1/cmr/bx/n/10.53937 5.4.8. []\OT1/cmr/m/it/10.53937 (\C70/zhkai/m/n/10.53937/51 ш э \C70/zhkai/m/n/10.53937/65 p \C70/zhkai/m/n/10.53937/76 „ \C70/rm/bx/it/10.53937/53 п \C70/zhkai/m/n/10.53937/5b ь \C70/rm/m/it/10.53937/60 '\OT1/cmr/m/it/10.53937 ) \C70/zhkai/m/n/10.53937/82 е$\OML/cmm/m/it/10.53937 f\OT1/cmr/m/n/10.53937 (\OML/cmm/m/it/10.53937 x\OT1/cmr/m/n/10.53937 )$\C70/zhkai/m/n/10.53937/66 /$\OT1/cmr/m/n/10.53937 [\OML/cmm/m/it/10.53937 a; b\OT1/cmr/m/n/10.53937 ]$\C70/zhkai/m/n/10.53937/4e 
 \C70/zhkai/m/n/10.53937/76 „ \C70/zhkai/m/n/10.53937/51 ш э \C70/zhkai/m/n/10.53937/65 p\OT1/cmr/m/it/10.53937 ,\C70/zhkai/m/n/10.53937/52 ^^Y$\OMS/cmsy/m/n/10.53937 8\OML/cmm/m/it/10.53937 x \OMS/cmsy/m/n/10.53937 2 \OT1/cmr/m/n/10.53937 (\OML/cmm/m/it/10.53937 a; b\OT1/cmr/m/n/10.53937 )\OML/cmm/m/it/10.53937 ; f\OT1/cmr/m/n/10.53937 (\OML/cmm/m/it/10.53937 x\OT1/cmr/m/n/10.53937 )$\C70/zhkai/m/n/10.53937/57 ($\OML/cmm/m/it/10.53937 x$\C70/zhkai/m/n/10.53937/59 ^^D
 []


Underfull \hbox (badness 10000) in paragraph at lines 1208--1210

 []


Underfull \hbox (badness 10000) in paragraph at lines 1213--1215

 []


Underfull \hbox (badness 10000) in paragraph at lines 1216--1217

 []

[38]
Underfull \hbox (badness 10000) in paragraph at lines 1218--1219

 []


Overfull \hbox (8.65434pt too wide) in paragraph at lines 1251--1254
\C70/zhkai/m/n/10.53937/62 ^^Q \C70/zhkai/m/n/10.53937/4e м \C70/zhkai/m/n/10.53937/56 Ю \C70/zhkai/m/n/10.53937/98 ~ \C70/zhkai/m/n/10.53937/4e е  \C70/zhkai/m/n/10.53937/5b ь \C70/zhkai/m/n/10.53937/65 p \C70/zhkai/m/n/10.53937/76 „ \C70/zhkai/m/n/10.53937/5b ҡ \C70/zhkai/m/n/10.53937/4e I - \C70/zhkai/m/n/10.53937/76 „ \C70/zhkai/m/n/10.53937/51 … \C70/zhkai/m/n/10.53937/5b №\OT1/cmr/m/n/10.53937 ,\C70/zhkai/m/n/10.53937/5d ж \C70/zhkai/m/n/10.53937/5b ь \C70/zhkai/m/n/10.53937/65 p \C70/zhkai/m/n/10.53937/5b X \C70/zhkai/m/n/10.53937/57 ($\OMS/cmsy/m/n/10.53937 )$\C70/zhkai/m/n/10.53937/51 э \C70/zhkai/m/n/10.53937/65 p \C70/zhkai/m/n/10.53937/5d ж \C70/rm/bx/it/10.53937/8f Ю \C70/zhkai/m/n/10.53937/7e н\OT1/cmr/m/n/10.53937 ,\C70/rm/bx/it/10.53937/53 у \C70/zhkai/m/n/10.53937/5b ь \C70/zhkai/m/n/10.53937/65 p \C70/zhkai/m/n/10.53937/5b X \C70/zhkai/m/n/10.53937/57 ($\OMS/cmsy/m/n/10.53937 )$\C70/zhkai/m/n/10.53937/51 э
 []


Underfull \hbox (badness 10000) in paragraph at lines 1251--1254

 []


Underfull \hbox (badness 10000) in paragraph at lines 1255--1256

 []


Underfull \hbox (badness 10000) in paragraph at lines 1257--1258

 []


Underfull \hbox (badness 10000) in paragraph at lines 1259--1263

 []


Underfull \hbox (badness 10000) in paragraph at lines 1263--1265

 []

[39]
Missing character: There is no Ң in font cmr10!

Underfull \hbox (badness 10000) in paragraph at lines 1265--1267

 []


Underfull \hbox (badness 10000) in paragraph at lines 1268--1269

 []


Underfull \hbox (badness 10000) in paragraph at lines 1274--1275

 []


Underfull \hbox (badness 10000) in paragraph at lines 1282--1284

 []


Underfull \hbox (badness 10000) in paragraph at lines 1285--1288

 []


Underfull \hbox (badness 10000) in paragraph at lines 1290--1291

 []


Underfull \hbox (badness 10000) in paragraph at lines 1293--1294

 []


Underfull \hbox (badness 10000) in paragraph at lines 1295--1296

 []


Underfull \hbox (badness 10000) in paragraph at lines 1297--1298

 []

[40]
Underfull \hbox (badness 10000) in paragraph at lines 1302--1304

 []


Underfull \hbox (badness 10000) in paragraph at lines 1306--1307

 []


Overfull \hbox (97.9475pt too wide) detected at line 1326
[][]
 []

[41]
Overfull \hbox (19.12744pt too wide) detected at line 1338
[]\OML/cmm/m/it/10.53937 x[] > \OT1/cmr/m/n/10.53937 0\OML/cmm/m/it/10.53937 ; t[] \OT1/cmr/m/n/10.53937 = []\OML/cmm/m/it/10.53937 ; \U/msa/m/n/10.53937 ) \OMS/cmsy/m/n/10.53937 ^^@ []\OT1/cmr/m/n/10.53937 ([]) \OMS/cmsy/m/n/10.53937 ^^T ^^@[] [] [] ^^@ [] [] [] ^^@ [] ^^@ [] [] []
 []


Underfull \hbox (badness 10000) in paragraph at lines 1342--1343

 []


Underfull \hbox (badness 10000) in paragraph at lines 1345--1346

 []


Underfull \hbox (badness 10000) in paragraph at lines 1346--1348

 []


Underfull \hbox (badness 10000) in paragraph at lines 1349--1350

 []


Underfull \hbox (badness 10000) in paragraph at lines 1358--1359

 []

[42]
Underfull \hbox (badness 10000) in paragraph at lines 1380--1384

 []


Underfull \hbox (badness 10000) in paragraph at lines 1385--1386

 []

[43]
Overfull \hbox (36.614pt too wide) in paragraph at lines 1404--1405
[]\C70/gkai/m/n/10.53937/6c B$\OML/cmm/m/it/10.53937 f\OT1/cmr/m/n/10.53937 (\OML/cmm/m/it/10.53937 x\OT1/cmr/m/n/10.53937 )\OML/cmm/m/it/10.53937 ; f\OT1/cmr/m/n/10.53937 (\OML/cmm/m/it/10.53937 c\OT1/cmr/m/n/10.53937 ) = 0\OML/cmm/m/it/10.53937 ; c$\C70/gkai/m/n/10.53937/66 / \C70/gkai/m/n/10.53937/89 г\OT1/cmr/m/n/10.53937 ,$\OML/cmm/m/it/10.53937 f$\C70/gkai/m/n/10.53937/57 ($\OT1/cmr/m/n/10.53937 (\OML/cmm/m/it/10.53937 a; b\OT1/cmr/m/n/10.53937 )$\C70/gkai/bx/n/10.53937/4e 
 Ң \C70/gkai/bx/n/10.53937/96 6 \C70/gkai/bx/n/10.53937/53 п \C70/gkai/bx/n/10.53937/5b ь\OT1/cmr/m/n/10.53937 ,$\OML/cmm/m/it/10.53937 f[]\OT1/cmr/m/n/10.53937 (\OML/cmm/m/it/10.53937 x\OT1/cmr/m/n/10.53937 ) \OMS/cmsy/m/n/10.53937 6\OT1/cmr/m/n/10.53937 = 0\OML/cmm/m/it/10.53937 ; f[]\OT1/cmr/m/n/10.53937 (\OML/cmm/m/it/10.53937 x\OT1/cmr/m/n/10.53937 ) \OMS/cmsy/m/n/10.53937 6\OT1/cmr/m/n/10.53937 = 0$(\C70/gkai/m/n/10.53937/75 1\OT1/cmr/m/n/10.53937 Dabourx\C70/gkai/bx/n/10.53937/53 п
 []


Underfull \hbox (badness 10000) in paragraph at lines 1404--1405

 []


Underfull \hbox (badness 10000) in paragraph at lines 1406--1408

 []


Underfull \hbox (badness 10000) in paragraph at lines 1442--1446

 []


Underfull \hbox (badness 10000) in paragraph at lines 1448--1452

 []

[44]
Underfull \hbox (badness 10000) in paragraph at lines 1464--1467

 []


Underfull \hbox (badness 10000) in paragraph at lines 1471--1473

 []


Underfull \hbox (badness 10000) in paragraph at lines 1474--1477

 []

[45]
Underfull \hbox (badness 10000) in paragraph at lines 1485--1487

 []


Underfull \hbox (badness 10000) in paragraph at lines 1490--1491

 []


Underfull \hbox (badness 10000) in paragraph at lines 1492--1493

 []


Underfull \hbox (badness 10000) in paragraph at lines 1500--1501

 []


Overfull \hbox (7.2876pt too wide) detected at line 1503
[] [] \OT1/cmr/m/n/10.53937 = [] [][] = [] []([] + []) = []([] \OML/cmm/m/it/10.53937 x \OMS/cmsy/m/n/10.53937 ^^@ [] \OML/cmm/m/it/10.53937 x\OT1/cmr/m/n/10.53937 ) + \OML/cmm/m/it/10.53937 C
 []


Underfull \hbox (badness 10000) in paragraph at lines 1519--1520

 []

[46]
Underfull \hbox (badness 10000) in paragraph at lines 1556--1557

 []

[47]
Underfull \hbox (badness 10000) in paragraph at lines 1563--1565

 []


Underfull \hbox (badness 10000) in paragraph at lines 1574--1575

 []

[48]
Underfull \hbox (badness 10000) in paragraph at lines 1595--1597

 []


Underfull \hbox (badness 10000) in paragraph at lines 1599--1600

 []

[49]
Overfull \hbox (30.49435pt too wide) detected at line 1626
[] [] \OT1/cmr/m/n/10.53937 = [] [] = [] [] = [] [] + \OML/cmm/m/it/10.53937 C \OT1/cmr/m/n/10.53937 = [] [] + \OML/cmm/m/it/10.53937 C
 []


Underfull \hbox (badness 10000) in paragraph at lines 1649--1652

 []

[50]
Underfull \hbox (badness 10000) in paragraph at lines 1697--1699

 []


Underfull \hbox (badness 10000) in paragraph at lines 1702--1703

 []


Underfull \hbox (badness 10000) in paragraph at lines 1704--1705

 []

[51]
Underfull \hbox (badness 10000) in paragraph at lines 1708--1710

 []


Underfull \hbox (badness 10000) in paragraph at lines 1713--1714

 []


Overfull \hbox (13.79665pt too wide) detected at line 1722
[][]
 []


Underfull \hbox (badness 10000) in paragraph at lines 1725--1726

 []


Underfull \hbox (badness 10000) in paragraph at lines 1728--1730

 []

[52]
Underfull \hbox (badness 10000) in paragraph at lines 1744--1745

 []


Underfull \hbox (badness 10000) in paragraph at lines 1751--1753

 []


Underfull \hbox (badness 10000) in paragraph at lines 1764--1766

 []


Underfull \hbox (badness 10000) in paragraph at lines 1768--1770

 []

[53]
Underfull \hbox (badness 10000) in paragraph at lines 1770--1772

 []


Underfull \hbox (badness 10000) in paragraph at lines 1773--1774

 []


Underfull \hbox (badness 10000) in paragraph at lines 1774--1776

 []


Underfull \hbox (badness 10000) in paragraph at lines 1779--1780

 []


Overfull \hbox (17.76036pt too wide) detected at line 1800
[][]
 []

[54]
Underfull \hbox (badness 10000) in paragraph at lines 1803--1805

 []


Underfull \hbox (badness 10000) in paragraph at lines 1807--1809

 []


Underfull \hbox (badness 10000) in paragraph at lines 1812--1813

 []

[55]
Underfull \hbox (badness 10000) in paragraph at lines 1814--1815

 []


Underfull \hbox (badness 10000) in paragraph at lines 1816--1817

 []


Underfull \hbox (badness 10000) in paragraph at lines 1835--1838

 []


Underfull \hbox (badness 10000) in paragraph at lines 1842--1843

 []

[56]
Overfull \hbox (7.37532pt too wide) in paragraph at lines 1848--1849
[]\OT1/cmr/m/n/10.53937 (2)\C70/gkai/m/n/10.53937/67 Ғ \C70/gkai/bx/n/10.53937/96 P \C70/gkai/bx/n/10.53937/4e ^^N \C70/gkai/bx/n/10.53937/52 ^^R ^^F$\OML/cmm/m/it/10.53937 P$\C70/gkai/m/n/10.53937/76 „ \C70/gkai/bx/n/10.53937/65 № \C70/gkai/m/n/10.53937/5f ^^O \C70/gkai/bx/n/10.53937/65 а \C70/gkai/bx/n/10.53937/51 s\OT1/cmr/m/n/10.53937 ,\C70/gkai/bx/n/10.53937/4e ^^N \C70/gkai/m/n/10.53937/68 ^^G \C70/gkai/m/n/10.53937/5f Ч \C70/gkai/m/n/10.53937/70 №$\OML/cmm/m/it/10.53937 ^^X$\C70/gkai/m/n/10.53937/76 „ \C70/gkai/m/n/10.53937/90 	 \C70/gkai/bx/n/10.53937/53 Ц \C70/gkai/bx/n/10.53937/65 а \C70/gkai/bx/n/10.53937/51 s\OT1/cmr/m/n/10.53937 ,\C70/gkai/bx/n/10.53937/53 к \C70/gkai/bx/n/10.53937/4e ^^N \C70/gkai/bx/n/10.53937/52 ^^R ^^F \C70/gkai/m/n/10.53937/76 „ \C70/gkai/bx/n/10.53937/5b Ҫ \C70/gkai/bx/n/10.53937/5e Ұ$\OMS/cmsy/m/n/10.53937 j\OML/cmm/m/it/10.53937 P\OMS/cmsy/m/n/10.53937 j$\C70/gkai/m/n/10.53937/67 	
 []


Underfull \hbox (badness 10000) in paragraph at lines 1857--1858

 []


Underfull \hbox (badness 10000) in paragraph at lines 1868--1869

 []

[57]
Underfull \hbox (badness 10000) in paragraph at lines 1897--1898

 []


Underfull \hbox (badness 10000) in paragraph at lines 1900--1901

 []


Underfull \hbox (badness 10000) in paragraph at lines 1907--1909

 []


Underfull \hbox (badness 10000) in paragraph at lines 1917--1918

 []


Underfull \hbox (badness 10000) in paragraph at lines 1924--1926

 []

[58] [59]
Overfull \hbox (3.0846pt too wide) in paragraph at lines 1988--1989
[]$\OML/cmm/m/it/10.53937 '\OT1/cmr/m/n/10.53937 (\OML/cmm/m/it/10.53937 t\OT1/cmr/m/n/10.53937 )$\C70/zhkai/m/n/10.53937/57 ($\OT1/cmr/m/n/10.53937 (\OML/cmm/m/it/10.53937 a; b\OT1/cmr/m/n/10.53937 )$\C70/zhkai/m/n/10.53937/4e 
 \C70/zhkai/m/n/10.53937/6b П \C70/zhkai/m/n/10.53937/4e ^^@ \C70/zhkai/m/n/10.53937/70 № \C70/rm/bx/it/10.53937/53 п \C70/zhkai/m/n/10.53937/5b ь\OT1/cmr/m/n/10.53937 ,$\OML/cmm/m/it/10.53937 '[]\OT1/cmr/m/n/10.53937 (\OML/cmm/m/it/10.53937 t\OT1/cmr/m/n/10.53937 ) \OMS/cmsy/m/n/10.53937 2 \OML/cmm/m/it/10.53937 C\OT1/cmr/m/n/10.53937 (\OML/cmm/m/it/10.53937 a; b\OT1/cmr/m/n/10.53937 )$,\C70/zhkai/m/n/10.53937/52 ^^Y \C70/zhkai/m/n/10.53937/79 р$\OML/cmm/m/it/10.53937 '\OT1/cmr/m/n/10.53937 (\OML/cmm/m/it/10.53937 t\OT1/cmr/m/n/10.53937 )$\C70/zhkai/m/n/10.53937/57 ($\OT1/cmr/m/n/10.53937 (\OML/cmm/m/it/10.53937 a; b\OT1/cmr/m/n/10.53937 )$\C70/zhkai/m/n/10.53937/4e 
 \C70/rm/bx/it/10.53937/8f Ю \C70/zhkai/m/n/10.53937/7e н \C70/rm/bx/it/10.53937/53 п \C70/zhkai/m/n/10.53937/5b ь\OT1/cmr/m/n/10.53937 ,\C70/zhkai/m/n/10.53937/8b °
 []


Overfull \hbox (30.26575pt too wide) in paragraph at lines 1991--1994
[]\C70/zhkai/m/n/10.53937/5b щ \C70/zhkai/m/n/10.53937/4e Һ \C70/zhkai/m/n/10.53937/95 н \C70/rm/bx/it/10.53937/53 : \C70/zhkai/m/n/10.53937/95 ф\OT1/cmr/m/n/10.53937 ,\C70/zhkai/m/n/10.53937/59 Ӯ \C70/zhkai/m/n/10.53937/67 ң$\OML/cmm/m/it/10.53937 '\OT1/cmr/m/n/10.53937 (\OML/cmm/m/it/10.53937 t\OT1/cmr/m/n/10.53937 ) \OMS/cmsy/m/n/10.53937 2 \OML/cmm/m/it/10.53937 C[]\OT1/cmr/m/n/10.53937 (\OML/cmm/m/it/10.53937 a; b\OT1/cmr/m/n/10.53937 )$ \C70/zhkai/m/n/10.53937/4e ^^T \C70/zhkai/m/n/10.53937/67 	 $\OML/cmm/m/it/10.53937 '\OT1/cmr/m/n/10.53937 (\OML/cmm/m/it/10.53937 t\OT1/cmr/m/n/10.53937 )[]\OML/cmm/m/it/10.53937 a[]; []b[]'[]\OT1/cmr/m/n/10.53937 (\OML/cmm/m/it/10.53937 t\OT1/cmr/m/n/10.53937 ) \OMS/cmsy/m/n/10.53937 2
 []


Underfull \hbox (badness 10000) in paragraph at lines 2006--2007

 []

[60]
Overfull \hbox (13.92406pt too wide) detected at line 2057
[][]
 []

[61]
Overfull \hbox (13.8268pt too wide) detected at line 2065
\OML/cmm/m/it/10.53937 f\OT1/cmr/m/n/10.53937 (\OML/cmm/m/it/10.53937 x\OT1/cmr/m/n/10.53937 ) = \OML/cmm/m/it/10.53937 f\OT1/cmr/m/n/10.53937 (\OML/cmm/m/it/10.53937 x[]\OT1/cmr/m/n/10.53937 ) + [](\OML/cmm/m/it/10.53937 x \OMS/cmsy/m/n/10.53937 ^^@ \OML/cmm/m/it/10.53937 x[]\OT1/cmr/m/n/10.53937 ) + [] + [](\OML/cmm/m/it/10.53937 x \OMS/cmsy/m/n/10.53937 ^^@ \OML/cmm/m/it/10.53937 x[]\OT1/cmr/m/n/10.53937 )[] + [] [][] \OML/cmm/m/it/10.53937 f[]\OT1/cmr/m/n/10.53937 (\OML/cmm/m/it/10.53937 t\OT1/cmr/m/n/10.53937 )(\OML/cmm/m/it/10.53937 x \OMS/cmsy/m/n/10.53937 ^^@ \OML/cmm/m/it/10.53937 t\OT1/cmr/m/n/10.53937 )[] \OML/cmm/m/it/10.53937 dt
 []

[62]
Underfull \hbox (badness 10000) in paragraph at lines 2095--2096

 []


Underfull \hbox (badness 10000) in paragraph at lines 2105--2106

 []


Underfull \hbox (badness 10000) in paragraph at lines 2120--2122

 []

[63] [64]
Underfull \hbox (badness 10000) in paragraph at lines 2170--2171

 []


Overfull \hbox (2.18437pt too wide) in paragraph at lines 2176--2178
[]$\OML/cmm/m/it/10.53937 f\OT1/cmr/m/n/10.53937 (\OML/cmm/m/it/10.53937 x\OT1/cmr/m/n/10.53937 )$\C70/gkai/m/n/10.53937/57 ($\OT1/cmr/m/n/10.53937 [\OML/cmm/m/it/10.53937 a; b\OT1/cmr/m/n/10.53937 ]$\C70/gkai/bx/n/10.53937/4e 
 \C70/gkai/m/n/10.53937/67 	 \C70/gkai/m/n/10.53937/75 L\OT1/cmr/m/n/10.53937 ,\C70/gkai/m/n/10.53937/4f \ \C70/gkai/bx/n/10.53937/52 ^^F r$\OML/cmm/m/it/10.53937 a \OT1/cmr/m/n/10.53937 = \OML/cmm/m/it/10.53937 x[] < [] < x[] \OT1/cmr/m/n/10.53937 = \OML/cmm/m/it/10.53937 b$ \C70/gkai/m/n/10.53937/90 Ј \C70/gkai/bx/n/10.53937/4e H$\OML/cmm/m/it/10.53937 f\OT1/cmr/m/n/10.53937 (\OML/cmm/m/it/10.53937 x\OT1/cmr/m/n/10.53937 )$\C70/gkai/m/n/10.53937/57 ($\OT1/cmr/m/n/10.53937 [\OML/cmm/m/it/10.53937 x[]; x[]\OT1/cmr/m/n/10.53937 ]$\C70/gkai/bx/n/10.53937/4e 

 []

[65]
Underfull \hbox (badness 10000) in paragraph at lines 2193--2194

 []


Overfull \hbox (42.15472pt too wide) detected at line 2204
\OML/cmm/m/it/10.53937 L\OT1/cmr/m/n/10.53937 (\OML/cmm/m/it/10.53937 f; P[]\OT1/cmr/m/n/10.53937 ) \OMS/cmsy/m/n/10.53937 ^^@ \OML/cmm/m/it/10.53937 L\OT1/cmr/m/n/10.53937 (\OML/cmm/m/it/10.53937 f; P\OT1/cmr/m/n/10.53937 ) = (\OML/cmm/m/it/10.53937 m[] \OMS/cmsy/m/n/10.53937 ^^@ \OML/cmm/m/it/10.53937 m[]\OT1/cmr/m/n/10.53937 )(\OML/cmm/m/it/10.53937 x[] \OMS/cmsy/m/n/10.53937 ^^@ \OML/cmm/m/it/10.53937 x[]\OT1/cmr/m/n/10.53937 ) + (\OML/cmm/m/it/10.53937 m[] \OMS/cmsy/m/n/10.53937 ^^@ \OML/cmm/m/it/10.53937 m[]\OT1/cmr/m/n/10.53937 )(\OML/cmm/m/it/10.53937 x[] \OMS/cmsy/m/n/10.53937 ^^@ \OML/cmm/m/it/10.53937 x[]\OT1/cmr/m/n/10.53937 ) \OMS/cmsy/m/n/10.53937 ^^T \OML/cmm/m/it/10.53937 ![]\OT1/cmr/m/n/10.53937 (\OML/cmm/m/it/10.53937 x[] \OMS/cmsy/m/n/10.53937 ^^@ \OML/cmm/m/it/10.53937 x[]\OT1/cmr/m/n/10.53937 ) \OMS/cmsy/m/n/10.53937 ^^T \OML/cmm/m/it/10.53937 ![]\OMS/cmsy/m/n/10.53937 j\OML/cmm/m/it/10.53937 P\OMS/cmsy/m/n/10.53937 j
 []


Underfull \hbox (badness 10000) in paragraph at lines 2211--2212

 []

[66]
Underfull \hbox (badness 10000) in paragraph at lines 2221--2222

 []


Underfull \hbox (badness 10000) in paragraph at lines 2222--2224

 []

[67]
Underfull \hbox (badness 10000) in paragraph at lines 2267--2268

 []


Underfull \hbox (badness 10000) in paragraph at lines 2282--2283

 []

[68]
Underfull \hbox (badness 10000) in paragraph at lines 2298--2301

 []


Underfull \hbox (badness 10000) in paragraph at lines 2307--2309

 []

[69] [70]
Underfull \hbox (badness 10000) in paragraph at lines 2397--2398

 []


Underfull \hbox (badness 10000) in paragraph at lines 2400--2402

 []


Underfull \hbox (badness 10000) in paragraph at lines 2415--2418

 []

[71]
Underfull \hbox (badness 10000) in paragraph at lines 2439--2441

 []

[72]
Overfull \hbox (3.38464pt too wide) in paragraph at lines 2468--2470
[]\C70/gkai/bx/n/10.53937/8f к \C70/gkai/bx/n/10.53937/52 ) \C70/gkai/bx/n/10.53937/51 K \C70/gkai/bx/n/10.53937/96 ч \C70/gkai/bx/n/10.53937/51 э \C70/gkai/bx/n/10.53937/65 p 9 \C70/gkai/bx/n/10.53937/53 Ш \C70/gkai/bx/n/10.53937/4e Ҷ \C70/gkai/m/n/10.53937/67 	 \C70/gkai/m/n/10.53937/74 ^^F \C70/gkai/bx/n/10.53937/65 p \C70/gkai/bx/n/10.53937/4e 
 \C70/gkai/m/n/10.53937/76 „ \C70/gkai/bx/n/10.53937/51 э \C70/gkai/bx/n/10.53937/65 p \C70/gkai/m/n/10.53937/50 <\OT1/cmr/m/n/10.53937 ,\C70/gkai/m/n/10.53937/80 ^^L \C70/gkai/m/n/10.53937/62 @ \C70/gkai/m/n/10.53937/67 	 	 \C70/gkai/m/n/10.53937/74 ^^F \C70/gkai/bx/n/10.53937/65 p \C70/gkai/m/n/10.53937/76 „ \C70/gkai/bx/n/10.53937/5b Ҫ \C70/gkai/bx/n/10.53937/5e Ұ ” \C70/gkai/m/n/10.53937/8b е \C70/gkai/m/n/10.53937/66 /\OT1/cmr/m/n/10.53937 0,\C70/gkai/bx/n/10.53937/5b ғ
 []


Underfull \hbox (badness 10000) in paragraph at lines 2468--2470

 []


Overfull \hbox (15.65755pt too wide) in paragraph at lines 2473--2474
[]\C70/zhhei/m/n/10.53937/5b ҡ \C70/rm/bx/n/10.53937/74 ^^F \OT1/cmr/bx/n/10.53937 7.5.9. []$\OML/cmm/m/it/10.53937 y \OT1/cmr/m/n/10.53937 = \OML/cmm/m/it/10.53937 f\OT1/cmr/m/n/10.53937 (\OML/cmm/m/it/10.53937 x\OT1/cmr/m/n/10.53937 )$\C70/zhkai/m/n/10.53937/57 ($\OT1/cmr/m/n/10.53937 [\OML/cmm/m/it/10.53937 a; b\OT1/cmr/m/n/10.53937 ]$\C70/zhkai/m/n/10.53937/4e 
 \C70/rm/m/it/10.53937/9e О \C70/zhkai/m/n/10.53937/66 ь \C70/rm/bx/it/10.53937/53 п \C70/zhkai/m/n/10.53937/79 п\OT1/cmr/m/it/10.53937 ,$\OML/cmm/m/it/10.53937 g\OT1/cmr/m/n/10.53937 (\OML/cmm/m/it/10.53937 y\OT1/cmr/m/n/10.53937 )$\C70/zhkai/m/n/10.53937/51 s \C70/zhkai/m/n/10.53937/4e Һ$\OML/cmm/m/it/10.53937 y$\C70/rm/bx/it/10.53937/53 п \C70/zhkai/m/n/10.53937/5b ь \C70/zhkai/m/n/10.53937/4e ^^T \C70/zhkai/m/n/10.53937/5b ь \C70/zhkai/m/n/10.53937/65 p \C70/zhkai/m/n/10.53937/67 	 \C70/zhkai/m/n/10.53937/75 L\OT1/cmr/m/it/10.53937 ,\C70/zhkai/m/n/10.53937/52 ^^Y$\OML/cmm/m/it/10.53937 g\OT1/cmr/m/n/10.53937 (\OML/cmm/m/it/10.53937 f\OT1/cmr/m/n/10.53937 (\OML/cmm/m/it/10.53937 x\OT1/cmr/m/n/10.53937 )) \OMS/cmsy/m/n/10.53937 2
 []

[73]
Underfull \hbox (badness 10000) in paragraph at lines 2504--2506

 []


Underfull \hbox (badness 10000) in paragraph at lines 2513--2514

 []

[74]
Overfull \hbox (2.44762pt too wide) in paragraph at lines 2548--2549
[]\C70/gkai/m/n/10.53937/56 а \C70/gkai/m/n/10.53937/6b d \C70/gkai/bx/n/10.53937/8f Ю[][] \C70/gkai/bx/n/10.53937/7e н[][] \C70/gkai/bx/n/10.53937/51 э[][] \C70/gkai/bx/n/10.53937/65 p[][] \C70/gkai/bx/n/10.53937/4e ^^@[][] \C70/gkai/bx/n/10.53937/5b ҡ[][] \C70/gkai/bx/n/10.53937/67 	[][] \C70/gkai/bx/n/10.53937/53 ҹ[][] \C70/gkai/bx/n/10.53937/51 э[][] \C70/gkai/bx/n/10.53937/65 p[][]\OT1/cmr/m/n/10.53937 (\C70/gkai/bx/n/10.53937/53 к \C70/gkai/m/n/10.53937/66 / \C70/gkai/bx/n/10.53937/4e ^^M ^^@ \C70/gkai/bx/n/10.53937/5b ҡ \C70/gkai/m/n/10.53937/80 э \C70/gkai/m/n/10.53937/75 ( \C70/gkai/bx/n/10.53937/52 ^^] \C70/gkai/m/n/10.53937/7b I \C70/gkai/bx/n/10.53937/51 э \C70/gkai/bx/n/10.53937/65 p \C70/gkai/m/n/10.53937/5f b ^^O \C70/gkai/m/n/10.53937/88 h \C70/gkai/m/n/10.53937/79 : \C70/gkai/bx/n/10.53937/51 ъ \C70/gkai/bx/n/10.53937/67 e\OT1/cmr/m/n/10.53937 ,\C70/gkai/m/n/10.53937/4f Ӣ
 []


Underfull \hbox (badness 10000) in paragraph at lines 2548--2549

 []

[75]
Underfull \hbox (badness 10000) in paragraph at lines 2588--2589

 []


Underfull \hbox (badness 10000) in paragraph at lines 2590--2591

 []

[76] [77]
Underfull \hbox (badness 10000) in paragraph at lines 2645--2647

 []


Underfull \hbox (badness 10000) in paragraph at lines 2648--2649

 []


Underfull \hbox (badness 10000) in paragraph at lines 2667--2668

 []

[78]
Underfull \hbox (badness 10000) in paragraph at lines 2694--2695

 []


Underfull \hbox (badness 10000) in paragraph at lines 2713--2714

 []

[79]
Overfull \hbox (13.93497pt too wide) in paragraph at lines 2718--2719
[]\C70/gkai/m/n/10.53937/54 ^^L \C70/gkai/m/n/10.53937/68 7 \C70/gkai/m/n/10.53937/62 ^^Q \C70/gkai/bx/n/10.53937/4e м \C70/gkai/bx/n/10.53937/53 п \C70/gkai/bx/n/10.53937/4e е \C70/gkai/m/n/10.53937/62 Ҡ \C70/gkai/m/n/10.53937/79 п \C70/gkai/bx/n/10.53937/52 ^^F \C70/gkai/m/n/10.53937/5f b ^^O \C70/gkai/bx/n/10.53937/8f l \C70/gkai/bx/n/10.53937/53 ^^V \C70/gkai/bx/n/10.53937/4e : \C70/gkai/m/n/10.53937/79 » \C70/gkai/bx/n/10.53937/65 c \C70/gkai/m/n/10.53937/5f b ^^O\OT1/cmr/m/n/10.53937 ,\C70/gkai/bx/n/10.53937/53 к \C70/gkai/m/n/10.53937/97 ^^@ \C70/gkai/m/n/10.53937/89 Ғ \C70/gkai/m/n/10.53937/8b ҫ$\OML/cmm/m/it/10.53937 f; g$\C70/gkai/bx/n/10.53937/4e : \C70/gkai/bx/n/10.53937/96 6 \C70/gkai/m/n/10.53937/68 Ҝ \C70/gkai/bx/n/10.53937/51 э \C70/gkai/bx/n/10.53937/65 p\OT1/cmr/m/n/10.53937 ,$\OML/cmm/m/it/10.53937 f\OT1/cmr/m/n/10.53937 (\OML/cmm/m/it/10.53937 x\OT1/cmr/m/n/10.53937 ) =
 []


Underfull \hbox (badness 10000) in paragraph at lines 2718--2719

 []


Underfull \hbox (badness 10000) in paragraph at lines 2729--2730

 []


Overfull \hbox (1.89679pt too wide) in paragraph at lines 2733--2734
[]\C70/zhkai/m/n/10.53937/62 ^^Q \C70/zhkai/m/n/10.53937/4e м \C70/rm/m/it/10.53937/80 ^^C \C70/zhkai/m/n/10.53937/5b Я \C70/zhkai/m/n/10.53937/4e $ * \C70/zhkai/m/n/10.53937/51 э \C70/zhkai/m/n/10.53937/65 p$\OML/cmm/m/it/10.53937 '\OT1/cmr/m/n/10.53937 (\OML/cmm/m/it/10.53937 x\OT1/cmr/m/n/10.53937 ) = \OMS/cmsy/m/n/10.53937 j\OML/cmm/m/it/10.53937 f\OT1/cmr/m/n/10.53937 (\OML/cmm/m/it/10.53937 x\OT1/cmr/m/n/10.53937 )\OMS/cmsy/m/n/10.53937 j$\C70/zhkai/m/n/10.53937/54 Ң$\OML/cmm/m/it/10.53937 	\OT1/cmr/m/n/10.53937 (\OML/cmm/m/it/10.53937 x\OT1/cmr/m/n/10.53937 ) = [][]$,\C70/zhkai/m/n/10.53937/52 ) \C70/zhkai/m/n/10.53937/75 ($\OML/cmm/m/it/10.53937 H[]lder$\C70/zhkai/m/n/10.53937/4e ^^M
 []


Overfull \hbox (86.57529pt too wide) detected at line 2750
[][]
 []

[80] [81]
Underfull \hbox (badness 10000) in paragraph at lines 2811--2813

 []

[82] [83] [84]
Overfull \hbox (100.82628pt too wide) detected at line 2915
[][]
 []


Overfull \hbox (6.02802pt too wide) detected at line 2951
[][]
 []

[85] [86] (c:/code/LaTex/ж•°еӯҰеҲҶжһҗ/ж•°еӯҰеҲҶжһҗ.aux) ) 
Here is how much of TeX's memory you used:
 29300 strings out of 480608
 723717 string characters out of 5907536
 1047568 words of memory out of 5000000
 44454 multiletter control sequences out of 15000+600000
 657716 words of font info for 484 fonts, out of 8000000 for 9000
 1141 hyphenation exceptions out of 8191
 69i,12n,100p,735b,2235s stack positions out of 5000i,500n,10000p,200000b,80000s
<c:/Windows/Fonts/simkai.ttf><c:/Windows/Fonts/simhei.ttf><c:/Windows/Fonts/simkai.ttf><c:/Windows/Fonts/simkai.ttf><c:/Windows/Fonts/simhei.ttf><c:/Windows/Fonts/simkai.ttf><c:/Windows/Fonts/simkai.ttf><c:/Windows/Fonts/simkai.ttf><c:/Windows/Fonts/simhei.ttf><c:/Windows/Fonts/simkai.ttf><c:/Windows/Fonts/simkai.ttf><c:/Windows/Fonts/simhei.ttf><c:/Windows/Fonts/simkai.ttf><c:/Windows/Fonts/simkai.ttf><c:/Windows/Fonts/simkai.ttf><c:/Windows/Fonts/simkai.ttf><c:/Windows/Fonts/simkai.ttf><c:/Windows/Fonts/simkai.ttf><c:/Windows/Fonts/simhei.ttf><c:/Windows/Fonts/simhei.ttf><c:/Windows/Fonts/simkai.ttf><c:/Windows/Fonts/simhei.ttf><c:/Windows/Fonts/simkai.ttf><c:/Windows/Fonts/simkai.ttf><c:/Windows/Fonts/simhei.ttf><c:/Windows/Fonts/simkai.ttf><c:/Windows/Fonts/simkai.ttf><c:/Windows/Fonts/simkai.ttf><c:/Windows/Fonts/simhei.ttf><c:/Windows/Fonts/simhei.ttf><c:/Windows/Fonts/simkai.ttf><c:/Windows/Fonts/simkai.ttf><c:/Windows/Fonts/simkai.ttf><c:/Windows/Fonts/simkai.ttf><c:/Windows/Fonts/simkai.ttf><c:/Windows/Fonts/simhei.ttf><c:/Windows/Fonts/simhei.ttf><c:/Windows/Fonts/simkai.ttf><c:/Windows/Fonts/simkai.ttf><c:/Windows/Fonts/simkai.ttf><c:/Windows/Fonts/simhei.ttf><c:/Windows/Fonts/simkai.ttf><c:/Windows/Fonts/simkai.ttf><c:/Windows/Fonts/simhei.ttf><c:/Windows/Fonts/simhei.ttf><c:/Windows/Fonts/simkai.ttf><c:/Windows/Fonts/simkai.ttf><c:/Windows/Fonts/simkai.ttf><c:/Windows/Fonts/simkai.ttf><c:/Windows/Fonts/simhei.ttf><c:/Windows/Fonts/simhei.ttf><c:/Windows/Fonts/simkai.ttf><c:/Windows/Fonts/simkai.ttf><c:/Windows/Fonts/simkai.ttf><c:/Windows/Fonts/simkai.ttf><c:/Windows/Fonts/simkai.ttf><c:/Windows/Fonts/simkai.ttf><c:/Windows/Fonts/simkai.ttf><c:/Windows/Fonts/simkai.ttf><c:/Windows/Fonts/simkai.ttf><c:/Windows/Fonts/simkai.ttf><c:/Windows/Fonts/simkai.ttf><c:/Windows/Fonts/simkai.ttf><c:/Windows/Fonts/simkai.ttf><c:/Windows/Fonts/simkai.ttf><c:/Windows/Fonts/simkai.ttf><c:/Windows/Fonts/simkai.ttf><c:/Windows/Fonts/simkai.ttf><c:/Windows/Fonts/simkai.ttf><c:/Windows/Fonts/simkai.ttf><c:/Windows/Fonts/simkai.ttf><c:/Windows/Fonts/simhei.ttf><c:/Windows/Fonts/simkai.ttf><c:/Windows/Fonts/simhei.ttf><c:/Windows/Fonts/simhei.ttf><c:/Windows/Fonts/simkai.ttf><c:/Windows/Fonts/simkai.ttf><c:/Windows/Fonts/simkai.ttf><c:/Windows/Fonts/simkai.ttf><c:/Windows/Fonts/simkai.ttf><c:/Windows/Fonts/simkai.ttf><c:/Windows/Fonts/simkai.ttf><c:/Windows/Fonts/simkai.ttf><c:/Windows/Fonts/simkai.ttf><c:/Windows/Fonts/simkai.ttf><c:/Windows/Fonts/simkai.ttf><c:/Windows/Fonts/simkai.ttf><c:/Windows/Fonts/simkai.ttf><c:/Windows/Fonts/simkai.ttf><c:/Windows/Fonts/simkai.ttf><c:/Windows/Fonts/simkai.ttf><c:/Windows/Fonts/simhei.ttf><c:/Windows/Fonts/simhei.ttf><c:/Windows/Fonts/simhei.ttf><c:/Windows/Fonts/simhei.ttf><c:/Windows/Fonts/simhei.ttf><c:/Windows/Fonts/simhei.ttf><c:/Windows/Fonts/simhei.ttf><c:/Windows/Fonts/simhei.ttf><c:/Windows/Fonts/simhei.ttf><c:/Windows/Fonts/simhei.ttf><c:/Windows/Fonts/simhei.ttf><c:/Windows/Fonts/simhei.ttf><c:/Windows/Fonts/simhei.ttf><c:/Windows/Fonts/simhei.ttf><c:/Windows/Fonts/simhei.ttf><c:/Windows/Fonts/simhei.ttf><c:/Windows/Fonts/simhei.ttf><c:/Windows/Fonts/simhei.ttf><c:/Windows/Fonts/simhei.ttf><c:/Windows/Fonts/simhei.ttf><c:/Windows/Fonts/simhei.ttf><c:/Windows/Fonts/simhei.ttf><c:/Windows/Fonts/simhei.ttf><c:/Windows/Fonts/simhei.ttf><c:/Windows/Fonts/simhei.ttf><c:/Windows/Fonts/simhei.ttf><c:/Windows/Fonts/simhei.ttf><c:/Windows/Fonts/simhei.ttf><c:/Windows/Fonts/simhei.ttf><c:/Windows/Fonts/simhei.ttf><c:/Windows/Fonts/simhei.ttf><c:/Windows/Fonts/simhei.ttf><c:/Windows/Fonts/simhei.ttf><c:/Windows/Fonts/simhei.ttf><c:/Windows/Fonts/simhei.ttf><c:/Windows/Fonts/simhei.ttf><c:/Windows/Fonts/simhei.ttf><c:/Windows/Fonts/simhei.ttf><c:/Windows/Fonts/simhei.ttf><c:/Windows/Fonts/simhei.ttf><c:/Windows/Fonts/simhei.ttf><c:/texlive/2020/texmf-dist/fonts/type1/public/amsfonts/cm/cmbx10.pfb><c:/texlive/2020/texmf-dist/fonts/type1/public/amsfonts/cm/cmbx12.pfb><c:/texlive/2020/texmf-dist/fonts/type1/public/amsfonts/cm/cmex10.pfb><c:/texlive/2020/texmf-dist/fonts/type1/public/amsfonts/cm/cmmi10.pfb><c:/texlive/2020/texmf-dist/fonts/type1/public/amsfonts/cm/cmmi5.pfb><c:/texlive/2020/texmf-dist/fonts/type1/public/amsfonts/cm/cmmi7.pfb><c:/texlive/2020/texmf-dist/fonts/type1/public/amsfonts/cm/cmr10.pfb><c:/texlive/2020/texmf-dist/fonts/type1/public/amsfonts/cm/cmr12.pfb><c:/texlive/2020/texmf-dist/fonts/type1/public/amsfonts/cm/cmr5.pfb><c:/texlive/2020/texmf-dist/fonts/type1/public/amsfonts/cm/cmr7.pfb><c:/texlive/2020/texmf-dist/fonts/type1/public/amsfonts/cm/cmsy10.pfb><c:/texlive/2020/texmf-dist/fonts/type1/public/amsfonts/cm/cmsy5.pfb><c:/texlive/2020/texmf-dist/fonts/type1/public/amsfonts/cm/cmsy7.pfb><c:/texlive/2020/texmf-dist/fonts/type1/public/amsfonts/cm/cmti10.pfb><c:/texlive/2020/texmf-dist/fonts/type1/arphic/gkaiu/gkaiu20.pfb><c:/texlive/2020/texmf-dist/fonts/type1/arphic/gkaiu/gkaiu24.pfb><c:/texlive/2020/texmf-dist/fonts/type1/arphic/gkaiu/gkaiu30.pfb><c:/texlive/2020/texmf-dist/fonts/type1/arphic/gkaiu/gkaiu4e.pfb><c:/texlive/2020/texmf-dist/fonts/type1/arphic/gkaiu/gkaiu4f.pfb><c:/texlive/2020/texmf-dist/fonts/type1/arphic/gkaiu/gkaiu50.pfb><c:/texlive/2020/texmf-dist/fonts/type1/arphic/gkaiu/gkaiu51.pfb><c:/texlive/2020/texmf-dist/fonts/type1/arphic/gkaiu/gkaiu52.pfb><c:/texlive/2020/texmf-dist/fonts/type1/arphic/gkaiu/gkaiu53.pfb><c:/texlive/2020/texmf-dist/fonts/type1/arphic/gkaiu/gkaiu54.pfb><c:/texlive/2020/texmf-dist/fonts/type1/arphic/gkaiu/gkaiu55.pfb><c:/texlive/2020/texmf-dist/fonts/type1/arphic/gkaiu/gkaiu56.pfb><c:/texlive/2020/texmf-dist/fonts/type1/arphic/gkaiu/gkaiu57.pfb><c:/texlive/2020/texmf-dist/fonts/type1/arphic/gkaiu/gkaiu58.pfb><c:/texlive/2020/texmf-dist/fonts/type1/arphic/gkaiu/gkaiu59.pfb><c:/texlive/2020/texmf-dist/fonts/type1/arphic/gkaiu/gkaiu5b.pfb><c:/texlive/2020/texmf-dist/fonts/type1/arphic/gkaiu/gkaiu5c.pfb><c:/texlive/2020/texmf-dist/fonts/type1/arphic/gkaiu/gkaiu5d.pfb><c:/texlive/2020/texmf-dist/fonts/type1/arphic/gkaiu/gkaiu5e.pfb><c:/texlive/2020/texmf-dist/fonts/type1/arphic/gkaiu/gkaiu5f.pfb><c:/texlive/2020/texmf-dist/fonts/type1/arphic/gkaiu/gkaiu60.pfb><c:/texlive/2020/texmf-dist/fonts/type1/arphic/gkaiu/gkaiu61.pfb><c:/texlive/2020/texmf-dist/fonts/type1/arphic/gkaiu/gkaiu62.pfb><c:/texlive/2020/texmf-dist/fonts/type1/arphic/gkaiu/gkaiu63.pfb><c:/texlive/2020/texmf-dist/fonts/type1/arphic/gkaiu/gkaiu64.pfb><c:/texlive/2020/texmf-dist/fonts/type1/arphic/gkaiu/gkaiu65.pfb><c:/texlive/2020/texmf-dist/fonts/type1/arphic/gkaiu/gkaiu66.pfb><c:/texlive/2020/texmf-dist/fonts/type1/arphic/gkaiu/gkaiu67.pfb><c:/texlive/2020/texmf-dist/fonts/type1/arphic/gkaiu/gkaiu68.pfb><c:/texlive/2020/texmf-dist/fonts/type1/arphic/gkaiu/gkaiu69.pfb><c:/texlive/2020/texmf-dist/fonts/type1/arphic/gkaiu/gkaiu6a.pfb><c:/texlive/2020/texmf-dist/fonts/type1/arphic/gkaiu/gkaiu6b.pfb><c:/texlive/2020/texmf-dist/fonts/type1/arphic/gkaiu/gkaiu6c.pfb><c:/texlive/2020/texmf-dist/fonts/type1/arphic/gkaiu/gkaiu6d.pfb><c:/texlive/2020/texmf-dist/fonts/type1/arphic/gkaiu/gkaiu6e.pfb><c:/texlive/2020/texmf-dist/fonts/type1/arphic/gkaiu/gkaiu70.pfb><c:/texlive/2020/texmf-dist/fonts/type1/arphic/gkaiu/gkaiu71.pfb><c:/texlive/2020/texmf-dist/fonts/type1/arphic/gkaiu/gkaiu72.pfb><c:/texlive/2020/texmf-dist/fonts/type1/arphic/gkaiu/gkaiu73.pfb><c:/texlive/2020/texmf-dist/fonts/type1/arphic/gkaiu/gkaiu74.pfb><c:/texlive/2020/texmf-dist/fonts/type1/arphic/gkaiu/gkaiu75.pfb><c:/texlive/2020/texmf-dist/fonts/type1/arphic/gkaiu/gkaiu76.pfb><c:/texlive/2020/texmf-dist/fonts/type1/arphic/gkaiu/gkaiu77.pfb><c:/texlive/2020/texmf-dist/fonts/type1/arphic/gkaiu/gkaiu78.pfb><c:/texlive/2020/texmf-dist/fonts/type1/arphic/gkaiu/gkaiu79.pfb><c:/texlive/2020/texmf-dist/fonts/type1/arphic/gkaiu/gkaiu7a.pfb><c:/texlive/2020/texmf-dist/fonts/type1/arphic/gkaiu/gkaiu7b.pfb><c:/texlive/2020/texmf-dist/fonts/type1/arphic/gkaiu/gkaiu7c.pfb><c:/texlive/2020/texmf-dist/fonts/type1/arphic/gkaiu/gkaiu7d.pfb><c:/texlive/2020/texmf-dist/fonts/type1/arphic/gkaiu/gkaiu7e.pfb><c:/texlive/2020/texmf-dist/fonts/type1/arphic/gkaiu/gkaiu7f.pfb><c:/texlive/2020/texmf-dist/fonts/type1/arphic/gkaiu/gkaiu80.pfb><c:/texlive/2020/texmf-dist/fonts/type1/arphic/gkaiu/gkaiu81.pfb><c:/texlive/2020/texmf-dist/fonts/type1/arphic/gkaiu/gkaiu82.pfb><c:/texlive/2020/texmf-dist/fonts/type1/arphic/gkaiu/gkaiu83.pfb><c:/texlive/2020/texmf-dist/fonts/type1/arphic/gkaiu/gkaiu86.pfb><c:/texlive/2020/texmf-dist/fonts/type1/arphic/gkaiu/gkaiu88.pfb><c:/texlive/2020/texmf-dist/fonts/type1/arphic/gkaiu/gkaiu89.pfb><c:/texlive/2020/texmf-dist/fonts/type1/arphic/gkaiu/gkaiu8b.pfb><c:/texlive/2020/texmf-dist/fonts/type1/arphic/gkaiu/gkaiu8c.pfb><c:/texlive/2020/texmf-dist/fonts/type1/arphic/gkaiu/gkaiu8d.pfb><c:/texlive/2020/texmf-dist/fonts/type1/arphic/gkaiu/gkaiu8e.pfb><c:/texlive/2020/texmf-dist/fonts/type1/arphic/gkaiu/gkaiu8f.pfb><c:/texlive/2020/texmf-dist/fonts/type1/arphic/gkaiu/gkaiu90.pfb><c:/texlive/2020/texmf-dist/fonts/type1/arphic/gkaiu/gkaiu91.pfb><c:/texlive/2020/texmf-dist/fonts/type1/arphic/gkaiu/gkaiu94.pfb><c:/texlive/2020/texmf-dist/fonts/type1/arphic/gkaiu/gkaiu95.pfb><c:/texlive/2020/texmf-dist/fonts/type1/arphic/gkaiu/gkaiu96.pfb><c:/texlive/2020/texmf-dist/fonts/type1/arphic/gkaiu/gkaiu97.pfb><c:/texlive/2020/texmf-dist/fonts/type1/arphic/gkaiu/gkaiu98.pfb><c:/texlive/2020/texmf-dist/fonts/type1/arphic/gkaiu/gkaiu99.pfb><c:/texlive/2020/texmf-dist/fonts/type1/arphic/gkaiu/gkaiu9a.pfb><c:/texlive/2020/texmf-dist/fonts/type1/arphic/gkaiu/gkaiu9e.pfb><c:/texlive/2020/texmf-dist/fonts/type1/arphic/gkaiu/gkaiuff.pfb><c:/texlive/2020/texmf-dist/fonts/type1/public/amsfonts/symbols/msam10.pfb><c:/texlive/2020/texmf-dist/fonts/type1/public/amsfonts/symbols/msbm10.pfb>
Output written on c:/code/LaTex/ж•°еӯҰеҲҶжһҗ/ж•°еӯҰеҲҶжһҗ.pdf (86 pages, 1157685 bytes).
PDF statistics:
 1180 PDF objects out of 1200 (max. 8388607)
 861 compressed objects within 9 object streams
 0 named destinations out of 1000 (max. 500000)
 13 words of extra memory for PDF output out of 10000 (max. 10000000)

